
__chapterColleter__: get title >>>> 漂亮干姐姐漫画下载
__chapterColleter__: chapter.json exist! >>>> ./漂亮干姐姐漫画下载/chapter.json
__chapterColleter__: write chapter json
http://www.manhualove.com/lianai/piaoliangganjiejie/631402.html,http://www.manhualove.com/lianai/piaoliangganjiejie/631403.html,http://www.manhualove.com/lianai/piaoliangganjiejie/631404.html,http://www.manhualove.com/lianai/piaoliangganjiejie/631405.html,http://www.manhualove.com/lianai/piaoliangganjiejie/631406.html,http://www.manhualove.com/lianai/piaoliangganjiejie/631407.html,http://www.manhualove.com/lianai/piaoliangganjiejie/631408.html,http://www.manhualove.com/lianai/piaoliangganjiejie/631746.html,http://www.manhualove.com/lianai/piaoliangganjiejie/631747.html,http://www.manhualove.com/lianai/piaoliangganjiejie/632786.html,http://www.manhualove.com/lianai/piaoliangganjiejie/632787.html
__chapterColleter__: SUCCESSFUL!
__chapterColleter__: >>>>>> END! <<<<<<
 >>>>>> COLLECTIMAGE <<<<<< 
__imageCollecter__: set title >>>> 漂亮干姐姐漫画下载
__imageCollecter__: >>>>>> START! <<<<<<
__imageCollecter__: image.json exist! >>>> ./漂亮干姐姐漫画下载/image.json
__imageCollecter__: found image data! index >>>> 1
__imageCollecter__: found image data! index >>>> 2
__imageCollecter__: found image data! index >>>> 3
__imageCollecter__: found image data! index >>>> 4
__imageCollecter__: found image data! index >>>> 5
__imageCollecter__: found image data! index >>>> 6
__imageCollecter__: found image data! index >>>> 7
__imageCollecter__: found image data! index >>>> 8
__imageCollecter__: found image data! index >>>> 9
__imageCollecter__: found image data! index >>>> 10
__imageCollecter__: found image data! index >>>> 11
__imageCollecter__: all chapterData length >>>> 11
__imageCollecter__: exist same data! index >>>> 1 <<<<
__imageCollecter__: exist same data! index >>>> 2 <<<<
__imageCollecter__: exist same data! index >>>> 3 <<<<
__imageCollecter__: exist same data! index >>>> 4 <<<<
__imageCollecter__: exist same data! index >>>> 5 <<<<
__imageCollecter__: exist same data! index >>>> 6 <<<<
__imageCollecter__: exist same data! index >>>> 7 <<<<
__imageCollecter__: exist same data! index >>>> 8 <<<<
__imageCollecter__: exist same data! index >>>> 9 <<<<
__imageCollecter__: exist same data! index >>>> 10 <<<<
__imageCollecter__: exist same data! index >>>> 11 <<<<
__imageCollecter__: IMAGE JSON is NO CHANGE NEEDED!
__imageDownloadPlugin__: stop download! rest length >>> 0
__imageCollecter__: >>>>>> END! <<<<<<
 >>>>>> CTEATECHAPTERHTML <<<<<< 
__htmlCreater__: set title >>>> 漂亮干姐姐漫画下载
__htmlCreater__: >>>>>> START! <<<<<<
__htmlCreater__: >>>>>> loopImageData! <<<<<<
__htmlCreater__: try to create NET html >>>> e:/hanman/漂亮干姐姐漫画下载/netChapter/1.html
__htmlCreater__: NET html EXISTED!
__htmlCreater__: try to create NET html >>>> e:/hanman/漂亮干姐姐漫画下载/netChapter/2.html
__htmlCreater__: NET html EXISTED!
__htmlCreater__: try to create NET html >>>> e:/hanman/漂亮干姐姐漫画下载/netChapter/3.html
__htmlCreater__: NET html EXISTED!
__htmlCreater__: try to create NET html >>>> e:/hanman/漂亮干姐姐漫画下载/netChapter/4.html
__htmlCreater__: NET html EXISTED!
__htmlCreater__: try to create NET html >>>> e:/hanman/漂亮干姐姐漫画下载/netChapter/5.html
__htmlCreater__: NET html EXISTED!
__htmlCreater__: try to create NET html >>>> e:/hanman/漂亮干姐姐漫画下载/netChapter/6.html
__htmlCreater__: NET html EXISTED!
__htmlCreater__: try to create NET html >>>> e:/hanman/漂亮干姐姐漫画下载/netChapter/7.html
__htmlCreater__: NET html EXISTED!
__htmlCreater__: try to create NET html >>>> e:/hanman/漂亮干姐姐漫画下载/netChapter/8.html
__htmlCreater__: NET html EXISTED!
__htmlCreater__: try to create NET html >>>> e:/hanman/漂亮干姐姐漫画下载/netChapter/9.html
__htmlCreater__: NET html EXISTED!
__htmlCreater__: try to create NET html >>>> e:/hanman/漂亮干姐姐漫画下载/netChapter/10.html
__htmlCreater__: NET html EXISTED!
__htmlCreater__: try to create NET html >>>> e:/hanman/漂亮干姐姐漫画下载/netChapter/11.html
__htmlCreater__: NET html EXISTED!
__htmlCreater__: try to create LOCAL html >>>> e:/hanman/漂亮干姐姐漫画下载/localChapter/1.html
__htmlCreater__: LOCAL html EXISTED!
__htmlCreater__: try to create LOCAL html >>>> e:/hanman/漂亮干姐姐漫画下载/localChapter/2.html
__htmlCreater__: LOCAL html EXISTED!
__htmlCreater__: try to create LOCAL html >>>> e:/hanman/漂亮干姐姐漫画下载/localChapter/3.html
__htmlCreater__: LOCAL html EXISTED!
__htmlCreater__: try to create LOCAL html >>>> e:/hanman/漂亮干姐姐漫画下载/localChapter/4.html
__htmlCreater__: LOCAL html EXISTED!
__htmlCreater__: try to create LOCAL html >>>> e:/hanman/漂亮干姐姐漫画下载/localChapter/5.html
__htmlCreater__: LOCAL html EXISTED!
__htmlCreater__: try to create LOCAL html >>>> e:/hanman/漂亮干姐姐漫画下载/localChapter/6.html
__htmlCreater__: LOCAL html EXISTED!
__htmlCreater__: try to create LOCAL html >>>> e:/hanman/漂亮干姐姐漫画下载/localChapter/7.html
__htmlCreater__: LOCAL html EXISTED!
__htmlCreater__: try to create LOCAL html >>>> e:/hanman/漂亮干姐姐漫画下载/localChapter/8.html
__htmlCreater__: LOCAL html EXISTED!
__htmlCreater__: try to create LOCAL html >>>> e:/hanman/漂亮干姐姐漫画下载/localChapter/9.html
__htmlCreater__: LOCAL html EXISTED!
__htmlCreater__: try to create LOCAL html >>>> e:/hanman/漂亮干姐姐漫画下载/localChapter/10.html
__htmlCreater__: LOCAL html EXISTED!
__htmlCreater__: try to create LOCAL html >>>> e:/hanman/漂亮干姐姐漫画下载/localChapter/11.html
__htmlCreater__: LOCAL html EXISTED!
__htmlCreater__: >>>>>> END! <<<<<<
 >>>>>> DOWNLOADIMAGE <<<<<< 
__imageDownloader__: >>>>>> START! <<<<<<
__imageDownloadPlugin__: get image info! ready to download
__imageDownloadPlugin__RE__: try to save! url >>> http://www.manhualove.com/upload2/28873/2019/05-06/20190506102806_3782nkcbi2819l_small.jpg
__imageDownloadPlugin__: path existed! >>> e:/hanman/漂亮干姐姐漫画下载/10_18.jpg
__imageDownloadPlugin__: path existed! >>> e:/hanman/漂亮干姐姐漫画下载/10_25.jpg
__imageDownloadPlugin__: path existed! >>> e:/hanman/漂亮干姐姐漫画下载/10_14.jpg
__imageDownloadPlugin__: get image info! ready to download
__imageDownloadPlugin__RE__: try to save! url >>> http://www.manhualove.com/upload2/28873/2019/05-06/20190506102838_37846pcuxiAr_small.jpg
__imageDownloadPlugin__: path existed! >>> e:/hanman/漂亮干姐姐漫画下载/10_12.jpg
__imageDownloadPlugin__: path existed! >>> e:/hanman/漂亮干姐姐漫画下载/11_10.jpg
__imageDownloadPlugin__: path existed! >>> e:/hanman/漂亮干姐姐漫画下载/11_12.jpg
__imageDownloadPlugin__: path existed! >>> e:/hanman/漂亮干姐姐漫画下载/10_30.jpg
__imageDownloadPlugin__: path existed! >>> e:/hanman/漂亮干姐姐漫画下载/11_25.jpg
__imageDownloadPlugin__: path existed! >>> e:/hanman/漂亮干姐姐漫画下载/11_18.jpg
__imageDownloadPlugin__: get image info! ready to download
__imageDownloadPlugin__RE__: try to save! url >>> http://www.manhualove.com/upload2/28873/2019/05-06/20190506102844_9878446puwn6a_small.jpg
__imageDownloader__: calculated! image number length >>> 363
__imageDownloader__: startDownLoad!
__imageDownloader__: path existed! >>> e:/hanman/漂亮干姐姐漫画下载/1_1.jpg
__imageDownloader__: path existed! >>> e:/hanman/漂亮干姐姐漫画下载/1_2.jpg
__imageDownloader__: path existed! >>> e:/hanman/漂亮干姐姐漫画下载/1_3.jpg
__imageDownloader__: path existed! >>> e:/hanman/漂亮干姐姐漫画下载/1_4.jpg
__imageDownloader__: path existed! >>> e:/hanman/漂亮干姐姐漫画下载/1_5.jpg
__imageDownloader__: path existed! >>> e:/hanman/漂亮干姐姐漫画下载/1_6.jpg
__imageDownloader__: path existed! >>> e:/hanman/漂亮干姐姐漫画下载/1_7.jpg
__imageDownloader__: path existed! >>> e:/hanman/漂亮干姐姐漫画下载/1_8.jpg
__imageDownloader__: path existed! >>> e:/hanman/漂亮干姐姐漫画下载/1_9.jpg
__imageDownloader__: path existed! >>> e:/hanman/漂亮干姐姐漫画下载/1_10.jpg
__imageDownloader__: path existed! >>> e:/hanman/漂亮干姐姐漫画下载/1_11.jpg
__imageDownloader__: path existed! >>> e:/hanman/漂亮干姐姐漫画下载/1_12.jpg
__imageDownloader__: path existed! >>> e:/hanman/漂亮干姐姐漫画下载/1_13.jpg
__imageDownloader__: path existed! >>> e:/hanman/漂亮干姐姐漫画下载/1_14.jpg
__imageDownloader__: path existed! >>> e:/hanman/漂亮干姐姐漫画下载/1_15.jpg
__imageDownloader__: path existed! >>> e:/hanman/漂亮干姐姐漫画下载/1_16.jpg
__imageDownloader__: path existed! >>> e:/hanman/漂亮干姐姐漫画下载/1_17.jpg
__imageDownloader__: path existed! >>> e:/hanman/漂亮干姐姐漫画下载/1_18.jpg
__imageDownloader__: path existed! >>> e:/hanman/漂亮干姐姐漫画下载/1_19.jpg
__imageDownloader__: path existed! >>> e:/hanman/漂亮干姐姐漫画下载/1_20.jpg
__imageDownloader__: path existed! >>> e:/hanman/漂亮干姐姐漫画下载/1_21.jpg
__imageDownloader__: path existed! >>> e:/hanman/漂亮干姐姐漫画下载/1_22.jpg
__imageDownloader__: path existed! >>> e:/hanman/漂亮干姐姐漫画下载/1_23.jpg
__imageDownloader__: path existed! >>> e:/hanman/漂亮干姐姐漫画下载/1_24.jpg
__imageDownloader__: path existed! >>> e:/hanman/漂亮干姐姐漫画下载/1_25.jpg
__imageDownloader__: path existed! >>> e:/hanman/漂亮干姐姐漫画下载/1_26.jpg
__imageDownloader__: path existed! >>> e:/hanman/漂亮干姐姐漫画下载/1_27.jpg
__imageDownloader__: path existed! >>> e:/hanman/漂亮干姐姐漫画下载/1_28.jpg
__imageDownloader__: path existed! >>> e:/hanman/漂亮干姐姐漫画下载/1_29.jpg
__imageDownloader__: path existed! >>> e:/hanman/漂亮干姐姐漫画下载/1_30.jpg
__imageDownloader__: path existed! >>> e:/hanman/漂亮干姐姐漫画下载/1_31.jpg
__imageDownloader__: path existed! >>> e:/hanman/漂亮干姐姐漫画下载/1_32.jpg
__imageDownloader__: path existed! >>> e:/hanman/漂亮干姐姐漫画下载/1_33.jpg
__imageDownloader__: path existed! >>> e:/hanman/漂亮干姐姐漫画下载/1_34.jpg
__imageDownloader__: path existed! >>> e:/hanman/漂亮干姐姐漫画下载/1_35.jpg
__imageDownloader__: path existed! >>> e:/hanman/漂亮干姐姐漫画下载/1_36.jpg
__imageDownloader__: path existed! >>> e:/hanman/漂亮干姐姐漫画下载/1_37.jpg
__imageDownloader__: path existed! >>> e:/hanman/漂亮干姐姐漫画下载/1_38.jpg
__imageDownloader__: path existed! >>> e:/hanman/漂亮干姐姐漫画下载/1_39.jpg
__imageDownloader__: path existed! >>> e:/hanman/漂亮干姐姐漫画下载/1_40.jpg
__imageDownloader__: path existed! >>> e:/hanman/漂亮干姐姐漫画下载/1_41.jpg
__imageDownloader__: path existed! >>> e:/hanman/漂亮干姐姐漫画下载/1_42.jpg
__imageDownloader__: path existed! >>> e:/hanman/漂亮干姐姐漫画下载/1_43.jpg
__imageDownloader__: path existed! >>> e:/hanman/漂亮干姐姐漫画下载/2_1.jpg
__imageDownloader__: path existed! >>> e:/hanman/漂亮干姐姐漫画下载/2_2.jpg
__imageDownloader__: path existed! >>> e:/hanman/漂亮干姐姐漫画下载/2_3.jpg
__imageDownloader__: path existed! >>> e:/hanman/漂亮干姐姐漫画下载/2_4.jpg
__imageDownloader__: path existed! >>> e:/hanman/漂亮干姐姐漫画下载/2_5.jpg
__imageDownloader__: path existed! >>> e:/hanman/漂亮干姐姐漫画下载/2_6.jpg
__imageDownloader__: path existed! >>> e:/hanman/漂亮干姐姐漫画下载/2_7.jpg
__imageDownloader__: path existed! >>> e:/hanman/漂亮干姐姐漫画下载/2_8.jpg
__imageDownloader__: path existed! >>> e:/hanman/漂亮干姐姐漫画下载/2_9.jpg
__imageDownloader__: path existed! >>> e:/hanman/漂亮干姐姐漫画下载/2_10.jpg
__imageDownloader__: path existed! >>> e:/hanman/漂亮干姐姐漫画下载/2_11.jpg
__imageDownloader__: path existed! >>> e:/hanman/漂亮干姐姐漫画下载/2_12.jpg
__imageDownloader__: path existed! >>> e:/hanman/漂亮干姐姐漫画下载/2_13.jpg
__imageDownloader__: path existed! >>> e:/hanman/漂亮干姐姐漫画下载/2_14.jpg
__imageDownloader__: path existed! >>> e:/hanman/漂亮干姐姐漫画下载/2_15.jpg
__imageDownloader__: path existed! >>> e:/hanman/漂亮干姐姐漫画下载/2_16.jpg
__imageDownloader__: path existed! >>> e:/hanman/漂亮干姐姐漫画下载/2_17.jpg
__imageDownloader__: path existed! >>> e:/hanman/漂亮干姐姐漫画下载/2_18.jpg
__imageDownloader__: path existed! >>> e:/hanman/漂亮干姐姐漫画下载/2_19.jpg
__imageDownloader__: path existed! >>> e:/hanman/漂亮干姐姐漫画下载/2_20.jpg
__imageDownloader__: path existed! >>> e:/hanman/漂亮干姐姐漫画下载/2_21.jpg
__imageDownloader__: path existed! >>> e:/hanman/漂亮干姐姐漫画下载/2_22.jpg
__imageDownloader__: path existed! >>> e:/hanman/漂亮干姐姐漫画下载/2_23.jpg
__imageDownloader__: path existed! >>> e:/hanman/漂亮干姐姐漫画下载/2_24.jpg
__imageDownloader__: path existed! >>> e:/hanman/漂亮干姐姐漫画下载/2_25.jpg
__imageDownloader__: path existed! >>> e:/hanman/漂亮干姐姐漫画下载/2_26.jpg
__imageDownloader__: path existed! >>> e:/hanman/漂亮干姐姐漫画下载/2_27.jpg
__imageDownloader__: path existed! >>> e:/hanman/漂亮干姐姐漫画下载/2_28.jpg
__imageDownloader__: path existed! >>> e:/hanman/漂亮干姐姐漫画下载/2_29.jpg
__imageDownloader__: path existed! >>> e:/hanman/漂亮干姐姐漫画下载/2_30.jpg
__imageDownloader__: path existed! >>> e:/hanman/漂亮干姐姐漫画下载/2_31.jpg
__imageDownloader__: path existed! >>> e:/hanman/漂亮干姐姐漫画下载/2_32.jpg
__imageDownloader__: path existed! >>> e:/hanman/漂亮干姐姐漫画下载/2_33.jpg
__imageDownloader__: path existed! >>> e:/hanman/漂亮干姐姐漫画下载/2_34.jpg
__imageDownloader__: path existed! >>> e:/hanman/漂亮干姐姐漫画下载/2_35.jpg
__imageDownloader__: path existed! >>> e:/hanman/漂亮干姐姐漫画下载/2_36.jpg
__imageDownloader__: path existed! >>> e:/hanman/漂亮干姐姐漫画下载/3_1.jpg
__imageDownloader__: path existed! >>> e:/hanman/漂亮干姐姐漫画下载/3_2.jpg
__imageDownloader__: path existed! >>> e:/hanman/漂亮干姐姐漫画下载/3_3.jpg
__imageDownloader__: path existed! >>> e:/hanman/漂亮干姐姐漫画下载/3_4.jpg
__imageDownloader__: path existed! >>> e:/hanman/漂亮干姐姐漫画下载/3_5.jpg
__imageDownloader__: path existed! >>> e:/hanman/漂亮干姐姐漫画下载/3_6.jpg
__imageDownloader__: path existed! >>> e:/hanman/漂亮干姐姐漫画下载/3_7.jpg
__imageDownloader__: path existed! >>> e:/hanman/漂亮干姐姐漫画下载/3_8.jpg
__imageDownloader__: path existed! >>> e:/hanman/漂亮干姐姐漫画下载/3_9.jpg
__imageDownloader__: path existed! >>> e:/hanman/漂亮干姐姐漫画下载/3_10.jpg
__imageDownloader__: path existed! >>> e:/hanman/漂亮干姐姐漫画下载/3_11.jpg
__imageDownloader__: path existed! >>> e:/hanman/漂亮干姐姐漫画下载/3_12.jpg
__imageDownloader__: path existed! >>> e:/hanman/漂亮干姐姐漫画下载/3_13.jpg
__imageDownloader__: path existed! >>> e:/hanman/漂亮干姐姐漫画下载/3_14.jpg
__imageDownloader__: path existed! >>> e:/hanman/漂亮干姐姐漫画下载/3_15.jpg
__imageDownloader__: path existed! >>> e:/hanman/漂亮干姐姐漫画下载/3_16.jpg
__imageDownloader__: path existed! >>> e:/hanman/漂亮干姐姐漫画下载/3_17.jpg
__imageDownloader__: path existed! >>> e:/hanman/漂亮干姐姐漫画下载/3_18.jpg
__imageDownloader__: path existed! >>> e:/hanman/漂亮干姐姐漫画下载/3_19.jpg
__imageDownloader__: path existed! >>> e:/hanman/漂亮干姐姐漫画下载/3_20.jpg
__imageDownloader__: path existed! >>> e:/hanman/漂亮干姐姐漫画下载/3_21.jpg
__imageDownloader__: path existed! >>> e:/hanman/漂亮干姐姐漫画下载/3_22.jpg
__imageDownloader__: path existed! >>> e:/hanman/漂亮干姐姐漫画下载/3_23.jpg
__imageDownloader__: path existed! >>> e:/hanman/漂亮干姐姐漫画下载/3_24.jpg
__imageDownloader__: path existed! >>> e:/hanman/漂亮干姐姐漫画下载/3_25.jpg
__imageDownloader__: path existed! >>> e:/hanman/漂亮干姐姐漫画下载/3_26.jpg
__imageDownloader__: path existed! >>> e:/hanman/漂亮干姐姐漫画下载/3_27.jpg
__imageDownloader__: path existed! >>> e:/hanman/漂亮干姐姐漫画下载/3_28.jpg
__imageDownloader__: path existed! >>> e:/hanman/漂亮干姐姐漫画下载/3_29.jpg
__imageDownloader__: path existed! >>> e:/hanman/漂亮干姐姐漫画下载/3_30.jpg
__imageDownloader__: path existed! >>> e:/hanman/漂亮干姐姐漫画下载/3_31.jpg
__imageDownloader__: path existed! >>> e:/hanman/漂亮干姐姐漫画下载/3_32.jpg
__imageDownloader__: path existed! >>> e:/hanman/漂亮干姐姐漫画下载/3_33.jpg
__imageDownloader__: path existed! >>> e:/hanman/漂亮干姐姐漫画下载/3_34.jpg
__imageDownloader__: path existed! >>> e:/hanman/漂亮干姐姐漫画下载/3_35.jpg
__imageDownloader__: path existed! >>> e:/hanman/漂亮干姐姐漫画下载/4_1.jpg
__imageDownloader__: path existed! >>> e:/hanman/漂亮干姐姐漫画下载/4_2.jpg
__imageDownloader__: path existed! >>> e:/hanman/漂亮干姐姐漫画下载/4_3.jpg
__imageDownloader__: path existed! >>> e:/hanman/漂亮干姐姐漫画下载/4_4.jpg
__imageDownloader__: path existed! >>> e:/hanman/漂亮干姐姐漫画下载/4_5.jpg
__imageDownloader__: path existed! >>> e:/hanman/漂亮干姐姐漫画下载/4_6.jpg
__imageDownloader__: path existed! >>> e:/hanman/漂亮干姐姐漫画下载/4_7.jpg
__imageDownloader__: path existed! >>> e:/hanman/漂亮干姐姐漫画下载/4_8.jpg
__imageDownloader__: path existed! >>> e:/hanman/漂亮干姐姐漫画下载/4_9.jpg
__imageDownloader__: path existed! >>> e:/hanman/漂亮干姐姐漫画下载/4_10.jpg
__imageDownloader__: path existed! >>> e:/hanman/漂亮干姐姐漫画下载/4_11.jpg
__imageDownloader__: path existed! >>> e:/hanman/漂亮干姐姐漫画下载/4_12.jpg
__imageDownloader__: path existed! >>> e:/hanman/漂亮干姐姐漫画下载/4_13.jpg
__imageDownloader__: path existed! >>> e:/hanman/漂亮干姐姐漫画下载/4_14.jpg
__imageDownloader__: path existed! >>> e:/hanman/漂亮干姐姐漫画下载/4_15.jpg
__imageDownloader__: path existed! >>> e:/hanman/漂亮干姐姐漫画下载/4_16.jpg
__imageDownloader__: path existed! >>> e:/hanman/漂亮干姐姐漫画下载/4_17.jpg
__imageDownloader__: path existed! >>> e:/hanman/漂亮干姐姐漫画下载/4_18.jpg
__imageDownloader__: path existed! >>> e:/hanman/漂亮干姐姐漫画下载/4_19.jpg
__imageDownloader__: path existed! >>> e:/hanman/漂亮干姐姐漫画下载/4_20.jpg
__imageDownloader__: path existed! >>> e:/hanman/漂亮干姐姐漫画下载/4_21.jpg
__imageDownloader__: path existed! >>> e:/hanman/漂亮干姐姐漫画下载/4_22.jpg
__imageDownloader__: path existed! >>> e:/hanman/漂亮干姐姐漫画下载/4_23.jpg
__imageDownloader__: path existed! >>> e:/hanman/漂亮干姐姐漫画下载/4_24.jpg
__imageDownloader__: path existed! >>> e:/hanman/漂亮干姐姐漫画下载/4_25.jpg
__imageDownloader__: path existed! >>> e:/hanman/漂亮干姐姐漫画下载/4_26.jpg
__imageDownloader__: path existed! >>> e:/hanman/漂亮干姐姐漫画下载/4_27.jpg
__imageDownloader__: path existed! >>> e:/hanman/漂亮干姐姐漫画下载/4_28.jpg
__imageDownloader__: path existed! >>> e:/hanman/漂亮干姐姐漫画下载/5_1.jpg
__imageDownloader__: path existed! >>> e:/hanman/漂亮干姐姐漫画下载/5_2.jpg
__imageDownloader__: path existed! >>> e:/hanman/漂亮干姐姐漫画下载/5_3.jpg
__imageDownloader__: path existed! >>> e:/hanman/漂亮干姐姐漫画下载/5_4.jpg
__imageDownloader__: path existed! >>> e:/hanman/漂亮干姐姐漫画下载/5_5.jpg
__imageDownloader__: path existed! >>> e:/hanman/漂亮干姐姐漫画下载/5_6.jpg
__imageDownloader__: path existed! >>> e:/hanman/漂亮干姐姐漫画下载/5_7.jpg
__imageDownloader__: path existed! >>> e:/hanman/漂亮干姐姐漫画下载/5_8.jpg
__imageDownloader__: path existed! >>> e:/hanman/漂亮干姐姐漫画下载/5_9.jpg
__imageDownloader__: path existed! >>> e:/hanman/漂亮干姐姐漫画下载/5_10.jpg
__imageDownloader__: path existed! >>> e:/hanman/漂亮干姐姐漫画下载/5_11.jpg
__imageDownloader__: path existed! >>> e:/hanman/漂亮干姐姐漫画下载/5_12.jpg
__imageDownloader__: path existed! >>> e:/hanman/漂亮干姐姐漫画下载/5_13.jpg
__imageDownloader__: path existed! >>> e:/hanman/漂亮干姐姐漫画下载/5_14.jpg
__imageDownloader__: path existed! >>> e:/hanman/漂亮干姐姐漫画下载/5_15.jpg
__imageDownloader__: path existed! >>> e:/hanman/漂亮干姐姐漫画下载/5_16.jpg
__imageDownloader__: path existed! >>> e:/hanman/漂亮干姐姐漫画下载/5_17.jpg
__imageDownloader__: path existed! >>> e:/hanman/漂亮干姐姐漫画下载/5_18.jpg
__imageDownloader__: path existed! >>> e:/hanman/漂亮干姐姐漫画下载/5_19.jpg
__imageDownloader__: path existed! >>> e:/hanman/漂亮干姐姐漫画下载/5_20.jpg
__imageDownloader__: path existed! >>> e:/hanman/漂亮干姐姐漫画下载/5_21.jpg
__imageDownloader__: path existed! >>> e:/hanman/漂亮干姐姐漫画下载/5_22.jpg
__imageDownloader__: path existed! >>> e:/hanman/漂亮干姐姐漫画下载/5_23.jpg
__imageDownloader__: path existed! >>> e:/hanman/漂亮干姐姐漫画下载/5_24.jpg
__imageDownloader__: path existed! >>> e:/hanman/漂亮干姐姐漫画下载/5_25.jpg
__imageDownloader__: path existed! >>> e:/hanman/漂亮干姐姐漫画下载/5_26.jpg
__imageDownloader__: path existed! >>> e:/hanman/漂亮干姐姐漫画下载/5_27.jpg
__imageDownloader__: path existed! >>> e:/hanman/漂亮干姐姐漫画下载/5_28.jpg
__imageDownloader__: path existed! >>> e:/hanman/漂亮干姐姐漫画下载/5_29.jpg
__imageDownloader__: path existed! >>> e:/hanman/漂亮干姐姐漫画下载/5_30.jpg
__imageDownloader__: path existed! >>> e:/hanman/漂亮干姐姐漫画下载/5_31.jpg
__imageDownloader__: path existed! >>> e:/hanman/漂亮干姐姐漫画下载/5_32.jpg
__imageDownloader__: path existed! >>> e:/hanman/漂亮干姐姐漫画下载/5_33.jpg
__imageDownloader__: path existed! >>> e:/hanman/漂亮干姐姐漫画下载/5_34.jpg
__imageDownloader__: path existed! >>> e:/hanman/漂亮干姐姐漫画下载/6_1.jpg
__imageDownloader__: path existed! >>> e:/hanman/漂亮干姐姐漫画下载/6_2.jpg
__imageDownloader__: path existed! >>> e:/hanman/漂亮干姐姐漫画下载/6_3.jpg
__imageDownloader__: path existed! >>> e:/hanman/漂亮干姐姐漫画下载/6_4.jpg
__imageDownloader__: path existed! >>> e:/hanman/漂亮干姐姐漫画下载/6_5.jpg
__imageDownloader__: path existed! >>> e:/hanman/漂亮干姐姐漫画下载/6_6.jpg
__imageDownloader__: path existed! >>> e:/hanman/漂亮干姐姐漫画下载/6_7.jpg
__imageDownloader__: path existed! >>> e:/hanman/漂亮干姐姐漫画下载/6_8.jpg
__imageDownloader__: path existed! >>> e:/hanman/漂亮干姐姐漫画下载/6_9.jpg
__imageDownloader__: path existed! >>> e:/hanman/漂亮干姐姐漫画下载/6_10.jpg
__imageDownloader__: path existed! >>> e:/hanman/漂亮干姐姐漫画下载/6_11.jpg
__imageDownloader__: path existed! >>> e:/hanman/漂亮干姐姐漫画下载/6_12.jpg
__imageDownloader__: path existed! >>> e:/hanman/漂亮干姐姐漫画下载/6_13.jpg
__imageDownloader__: path existed! >>> e:/hanman/漂亮干姐姐漫画下载/6_14.jpg
__imageDownloader__: path existed! >>> e:/hanman/漂亮干姐姐漫画下载/6_15.jpg
__imageDownloader__: path existed! >>> e:/hanman/漂亮干姐姐漫画下载/6_16.jpg
__imageDownloader__: path existed! >>> e:/hanman/漂亮干姐姐漫画下载/6_17.jpg
__imageDownloader__: path existed! >>> e:/hanman/漂亮干姐姐漫画下载/6_18.jpg
__imageDownloader__: path existed! >>> e:/hanman/漂亮干姐姐漫画下载/6_19.jpg
__imageDownloader__: path existed! >>> e:/hanman/漂亮干姐姐漫画下载/6_20.jpg
__imageDownloader__: path existed! >>> e:/hanman/漂亮干姐姐漫画下载/6_21.jpg
__imageDownloader__: path existed! >>> e:/hanman/漂亮干姐姐漫画下载/6_22.jpg
__imageDownloader__: path existed! >>> e:/hanman/漂亮干姐姐漫画下载/6_23.jpg
__imageDownloader__: path existed! >>> e:/hanman/漂亮干姐姐漫画下载/6_24.jpg
__imageDownloader__: path existed! >>> e:/hanman/漂亮干姐姐漫画下载/6_25.jpg
__imageDownloader__: path existed! >>> e:/hanman/漂亮干姐姐漫画下载/6_26.jpg
__imageDownloader__: path existed! >>> e:/hanman/漂亮干姐姐漫画下载/6_27.jpg
__imageDownloader__: path existed! >>> e:/hanman/漂亮干姐姐漫画下载/6_28.jpg
__imageDownloader__: path existed! >>> e:/hanman/漂亮干姐姐漫画下载/6_29.jpg
__imageDownloader__: path existed! >>> e:/hanman/漂亮干姐姐漫画下载/6_30.jpg
__imageDownloader__: path existed! >>> e:/hanman/漂亮干姐姐漫画下载/6_31.jpg
__imageDownloader__: path existed! >>> e:/hanman/漂亮干姐姐漫画下载/6_32.jpg
__imageDownloader__: path existed! >>> e:/hanman/漂亮干姐姐漫画下载/6_33.jpg
__imageDownloader__: path existed! >>> e:/hanman/漂亮干姐姐漫画下载/6_34.jpg
__imageDownloader__: path existed! >>> e:/hanman/漂亮干姐姐漫画下载/6_35.jpg
__imageDownloader__: path existed! >>> e:/hanman/漂亮干姐姐漫画下载/6_36.jpg
__imageDownloader__: path existed! >>> e:/hanman/漂亮干姐姐漫画下载/6_37.jpg
__imageDownloader__: path existed! >>> e:/hanman/漂亮干姐姐漫画下载/7_1.jpg
__imageDownloader__: path existed! >>> e:/hanman/漂亮干姐姐漫画下载/7_2.jpg
__imageDownloader__: path existed! >>> e:/hanman/漂亮干姐姐漫画下载/7_3.jpg
__imageDownloader__: path existed! >>> e:/hanman/漂亮干姐姐漫画下载/7_4.jpg
__imageDownloader__: path existed! >>> e:/hanman/漂亮干姐姐漫画下载/7_5.jpg
__imageDownloader__: path existed! >>> e:/hanman/漂亮干姐姐漫画下载/7_6.jpg
__imageDownloader__: path existed! >>> e:/hanman/漂亮干姐姐漫画下载/7_7.jpg
__imageDownloader__: path existed! >>> e:/hanman/漂亮干姐姐漫画下载/7_8.jpg
__imageDownloader__: path existed! >>> e:/hanman/漂亮干姐姐漫画下载/7_9.jpg
__imageDownloader__: path existed! >>> e:/hanman/漂亮干姐姐漫画下载/7_10.jpg
__imageDownloader__: path existed! >>> e:/hanman/漂亮干姐姐漫画下载/7_11.jpg
__imageDownloader__: path existed! >>> e:/hanman/漂亮干姐姐漫画下载/7_12.jpg
__imageDownloader__: path existed! >>> e:/hanman/漂亮干姐姐漫画下载/7_13.jpg
__imageDownloader__: path existed! >>> e:/hanman/漂亮干姐姐漫画下载/7_14.jpg
__imageDownloader__: path existed! >>> e:/hanman/漂亮干姐姐漫画下载/7_15.jpg
__imageDownloader__: path existed! >>> e:/hanman/漂亮干姐姐漫画下载/7_16.jpg
__imageDownloader__: path existed! >>> e:/hanman/漂亮干姐姐漫画下载/7_17.jpg
__imageDownloader__: path existed! >>> e:/hanman/漂亮干姐姐漫画下载/7_18.jpg
__imageDownloader__: path existed! >>> e:/hanman/漂亮干姐姐漫画下载/7_19.jpg
__imageDownloader__: path existed! >>> e:/hanman/漂亮干姐姐漫画下载/7_20.jpg
__imageDownloader__: path existed! >>> e:/hanman/漂亮干姐姐漫画下载/7_21.jpg
__imageDownloader__: path existed! >>> e:/hanman/漂亮干姐姐漫画下载/7_22.jpg
__imageDownloader__: path existed! >>> e:/hanman/漂亮干姐姐漫画下载/7_23.jpg
__imageDownloader__: path existed! >>> e:/hanman/漂亮干姐姐漫画下载/7_24.jpg
__imageDownloader__: path existed! >>> e:/hanman/漂亮干姐姐漫画下载/8_1.jpg
__imageDownloader__: path existed! >>> e:/hanman/漂亮干姐姐漫画下载/8_2.jpg
__imageDownloader__: path existed! >>> e:/hanman/漂亮干姐姐漫画下载/8_3.jpg
__imageDownloader__: path existed! >>> e:/hanman/漂亮干姐姐漫画下载/8_4.jpg
__imageDownloader__: path existed! >>> e:/hanman/漂亮干姐姐漫画下载/8_5.jpg
__imageDownloader__: path existed! >>> e:/hanman/漂亮干姐姐漫画下载/8_6.jpg
__imageDownloader__: path existed! >>> e:/hanman/漂亮干姐姐漫画下载/8_7.jpg
__imageDownloader__: path existed! >>> e:/hanman/漂亮干姐姐漫画下载/8_8.jpg
__imageDownloader__: path existed! >>> e:/hanman/漂亮干姐姐漫画下载/8_9.jpg
__imageDownloader__: path existed! >>> e:/hanman/漂亮干姐姐漫画下载/8_10.jpg
__imageDownloader__: path existed! >>> e:/hanman/漂亮干姐姐漫画下载/8_11.jpg
__imageDownloader__: path existed! >>> e:/hanman/漂亮干姐姐漫画下载/8_12.jpg
__imageDownloader__: path existed! >>> e:/hanman/漂亮干姐姐漫画下载/8_13.jpg
__imageDownloader__: path existed! >>> e:/hanman/漂亮干姐姐漫画下载/8_14.jpg
__imageDownloader__: path existed! >>> e:/hanman/漂亮干姐姐漫画下载/8_15.jpg
__imageDownloader__: path existed! >>> e:/hanman/漂亮干姐姐漫画下载/8_16.jpg
__imageDownloader__: path existed! >>> e:/hanman/漂亮干姐姐漫画下载/8_17.jpg
__imageDownloader__: path existed! >>> e:/hanman/漂亮干姐姐漫画下载/8_18.jpg
__imageDownloader__: path existed! >>> e:/hanman/漂亮干姐姐漫画下载/8_19.jpg
__imageDownloader__: path existed! >>> e:/hanman/漂亮干姐姐漫画下载/8_20.jpg
__imageDownloader__: path existed! >>> e:/hanman/漂亮干姐姐漫画下载/8_21.jpg
__imageDownloader__: path existed! >>> e:/hanman/漂亮干姐姐漫画下载/8_22.jpg
__imageDownloader__: path existed! >>> e:/hanman/漂亮干姐姐漫画下载/8_23.jpg
__imageDownloader__: path existed! >>> e:/hanman/漂亮干姐姐漫画下载/8_24.jpg
__imageDownloader__: path existed! >>> e:/hanman/漂亮干姐姐漫画下载/8_25.jpg
__imageDownloader__: path existed! >>> e:/hanman/漂亮干姐姐漫画下载/8_26.jpg
__imageDownloader__: path existed! >>> e:/hanman/漂亮干姐姐漫画下载/8_27.jpg
__imageDownloader__: path existed! >>> e:/hanman/漂亮干姐姐漫画下载/8_28.jpg
__imageDownloader__: path existed! >>> e:/hanman/漂亮干姐姐漫画下载/8_29.jpg
__imageDownloader__: path existed! >>> e:/hanman/漂亮干姐姐漫画下载/8_30.jpg
__imageDownloader__: path existed! >>> e:/hanman/漂亮干姐姐漫画下载/8_31.jpg
__imageDownloader__: path existed! >>> e:/hanman/漂亮干姐姐漫画下载/9_1.jpg
__imageDownloader__: path existed! >>> e:/hanman/漂亮干姐姐漫画下载/9_2.jpg
__imageDownloader__: path existed! >>> e:/hanman/漂亮干姐姐漫画下载/9_3.jpg
__imageDownloader__: path existed! >>> e:/hanman/漂亮干姐姐漫画下载/9_4.jpg
__imageDownloader__: path existed! >>> e:/hanman/漂亮干姐姐漫画下载/9_5.jpg
__imageDownloader__: path existed! >>> e:/hanman/漂亮干姐姐漫画下载/9_6.jpg
__imageDownloader__: path existed! >>> e:/hanman/漂亮干姐姐漫画下载/9_7.jpg
__imageDownloader__: path existed! >>> e:/hanman/漂亮干姐姐漫画下载/9_8.jpg
__imageDownloader__: path existed! >>> e:/hanman/漂亮干姐姐漫画下载/9_9.jpg
__imageDownloader__: path existed! >>> e:/hanman/漂亮干姐姐漫画下载/9_10.jpg
__imageDownloader__: path existed! >>> e:/hanman/漂亮干姐姐漫画下载/9_11.jpg
__imageDownloader__: path existed! >>> e:/hanman/漂亮干姐姐漫画下载/9_12.jpg
__imageDownloader__: path existed! >>> e:/hanman/漂亮干姐姐漫画下载/9_13.jpg
__imageDownloader__: path existed! >>> e:/hanman/漂亮干姐姐漫画下载/9_14.jpg
__imageDownloader__: path existed! >>> e:/hanman/漂亮干姐姐漫画下载/9_15.jpg
__imageDownloader__: path existed! >>> e:/hanman/漂亮干姐姐漫画下载/9_16.jpg
__imageDownloader__: path existed! >>> e:/hanman/漂亮干姐姐漫画下载/9_17.jpg
__imageDownloader__: path existed! >>> e:/hanman/漂亮干姐姐漫画下载/9_18.jpg
__imageDownloader__: path existed! >>> e:/hanman/漂亮干姐姐漫画下载/9_19.jpg
__imageDownloader__: path existed! >>> e:/hanman/漂亮干姐姐漫画下载/9_20.jpg
__imageDownloader__: path existed! >>> e:/hanman/漂亮干姐姐漫画下载/9_21.jpg
__imageDownloader__: path existed! >>> e:/hanman/漂亮干姐姐漫画下载/9_22.jpg
__imageDownloader__: path existed! >>> e:/hanman/漂亮干姐姐漫画下载/9_23.jpg
__imageDownloader__: path existed! >>> e:/hanman/漂亮干姐姐漫画下载/9_24.jpg
__imageDownloader__: path existed! >>> e:/hanman/漂亮干姐姐漫画下载/9_25.jpg
__imageDownloader__: path existed! >>> e:/hanman/漂亮干姐姐漫画下载/9_26.jpg
__imageDownloader__: path existed! >>> e:/hanman/漂亮干姐姐漫画下载/9_27.jpg
__imageDownloader__: path existed! >>> e:/hanman/漂亮干姐姐漫画下载/9_28.jpg
__imageDownloader__: path existed! >>> e:/hanman/漂亮干姐姐漫画下载/9_29.jpg
__imageDownloader__: path existed! >>> e:/hanman/漂亮干姐姐漫画下载/9_30.jpg
__imageDownloader__: path existed! >>> e:/hanman/漂亮干姐姐漫画下载/10_1.jpg
__imageDownloader__: path existed! >>> e:/hanman/漂亮干姐姐漫画下载/10_2.jpg
__imageDownloader__: path existed! >>> e:/hanman/漂亮干姐姐漫画下载/10_3.jpg
__imageDownloader__: path existed! >>> e:/hanman/漂亮干姐姐漫画下载/10_4.jpg
__imageDownloader__: path existed! >>> e:/hanman/漂亮干姐姐漫画下载/10_5.jpg
__imageDownloader__: path existed! >>> e:/hanman/漂亮干姐姐漫画下载/10_6.jpg
__imageDownloader__: path existed! >>> e:/hanman/漂亮干姐姐漫画下载/10_7.jpg
__imageDownloader__: path existed! >>> e:/hanman/漂亮干姐姐漫画下载/10_8.jpg
__imageDownloader__: path existed! >>> e:/hanman/漂亮干姐姐漫画下载/10_9.jpg
__imageDownloader__: path existed! >>> e:/hanman/漂亮干姐姐漫画下载/10_10.jpg
__imageDownloader__: path existed! >>> e:/hanman/漂亮干姐姐漫画下载/10_11.jpg
__imageDownloader__: path existed! >>> e:/hanman/漂亮干姐姐漫画下载/10_12.jpg
__imageDownloader__: path existed! >>> e:/hanman/漂亮干姐姐漫画下载/10_13.jpg
__imageDownloader__: path existed! >>> e:/hanman/漂亮干姐姐漫画下载/10_14.jpg
__imageDownloader__: path existed! >>> e:/hanman/漂亮干姐姐漫画下载/10_15.jpg
__imageDownloader__: path existed! >>> e:/hanman/漂亮干姐姐漫画下载/10_16.jpg
__imageDownloader__: path existed! >>> e:/hanman/漂亮干姐姐漫画下载/10_17.jpg
__imageDownloader__: path existed! >>> e:/hanman/漂亮干姐姐漫画下载/10_18.jpg
__imageDownloader__: path existed! >>> e:/hanman/漂亮干姐姐漫画下载/10_19.jpg
__imageDownloader__: path existed! >>> e:/hanman/漂亮干姐姐漫画下载/10_20.jpg
__imageDownloader__: path existed! >>> e:/hanman/漂亮干姐姐漫画下载/10_21.jpg
__imageDownloader__: path existed! >>> e:/hanman/漂亮干姐姐漫画下载/10_22.jpg
__imageDownloader__: path existed! >>> e:/hanman/漂亮干姐姐漫画下载/10_23.jpg
__imageDownloader__: path existed! >>> e:/hanman/漂亮干姐姐漫画下载/10_24.jpg
__imageDownloader__: path existed! >>> e:/hanman/漂亮干姐姐漫画下载/10_25.jpg
__imageDownloader__: path existed! >>> e:/hanman/漂亮干姐姐漫画下载/10_26.jpg
__imageDownloader__: path existed! >>> e:/hanman/漂亮干姐姐漫画下载/10_27.jpg
__imageDownloader__RE__: try to save! url >>> http://www.manhualove.com/upload2/28873/2019/05-06/20190506102806_3782nkcbi2819l_small.jpg
__imageDownloader__: path existed! >>> e:/hanman/漂亮干姐姐漫画下载/10_29.jpg
__imageDownloader__: path existed! >>> e:/hanman/漂亮干姐姐漫画下载/10_30.jpg
__imageDownloader__: path existed! >>> e:/hanman/漂亮干姐姐漫画下载/10_31.jpg
__imageDownloader__: path existed! >>> e:/hanman/漂亮干姐姐漫画下载/11_1.jpg
__imageDownloader__: path existed! >>> e:/hanman/漂亮干姐姐漫画下载/11_2.jpg
__imageDownloader__: path existed! >>> e:/hanman/漂亮干姐姐漫画下载/11_3.jpg
__imageDownloader__: path existed! >>> e:/hanman/漂亮干姐姐漫画下载/11_4.jpg
__imageDownloader__: path existed! >>> e:/hanman/漂亮干姐姐漫画下载/11_5.jpg
__imageDownloader__: path existed! >>> e:/hanman/漂亮干姐姐漫画下载/11_6.jpg
__imageDownloader__: path existed! >>> e:/hanman/漂亮干姐姐漫画下载/11_7.jpg
__imageDownloader__: path existed! >>> e:/hanman/漂亮干姐姐漫画下载/11_8.jpg
__imageDownloader__: path existed! >>> e:/hanman/漂亮干姐姐漫画下载/11_9.jpg
__imageDownloader__: path existed! >>> e:/hanman/漂亮干姐姐漫画下载/11_10.jpg
__imageDownloader__RE__: try to save! url >>> http://www.manhualove.com/upload2/28873/2019/05-06/20190506102838_37846pcuxiAr_small.jpg
__imageDownloader__: path existed! >>> e:/hanman/漂亮干姐姐漫画下载/11_12.jpg
__imageDownloader__: path existed! >>> e:/hanman/漂亮干姐姐漫画下载/11_13.jpg
__imageDownloader__: path existed! >>> e:/hanman/漂亮干姐姐漫画下载/11_14.jpg
__imageDownloader__: path existed! >>> e:/hanman/漂亮干姐姐漫画下载/11_15.jpg
__imageDownloader__: path existed! >>> e:/hanman/漂亮干姐姐漫画下载/11_16.jpg
__imageDownloader__: path existed! >>> e:/hanman/漂亮干姐姐漫画下载/11_17.jpg
__imageDownloader__: path existed! >>> e:/hanman/漂亮干姐姐漫画下载/11_18.jpg
__imageDownloader__: path existed! >>> e:/hanman/漂亮干姐姐漫画下载/11_19.jpg
__imageDownloader__: path existed! >>> e:/hanman/漂亮干姐姐漫画下载/11_20.jpg
__imageDownloader__: path existed! >>> e:/hanman/漂亮干姐姐漫画下载/11_21.jpg
__imageDownloader__: path existed! >>> e:/hanman/漂亮干姐姐漫画下载/11_22.jpg
__imageDownloader__: path existed! >>> e:/hanman/漂亮干姐姐漫画下载/11_23.jpg
__imageDownloader__: path existed! >>> e:/hanman/漂亮干姐姐漫画下载/11_24.jpg
__imageDownloader__: path existed! >>> e:/hanman/漂亮干姐姐漫画下载/11_25.jpg
__imageDownloader__: path existed! >>> e:/hanman/漂亮干姐姐漫画下载/11_26.jpg
__imageDownloader__: path existed! >>> e:/hanman/漂亮干姐姐漫画下载/11_27.jpg
__imageDownloader__RE__: try to save! url >>> http://www.manhualove.com/upload2/28873/2019/05-06/20190506102844_9878446puwn6a_small.jpg
__imageDownloader__: path existed! >>> e:/hanman/漂亮干姐姐漫画下载/11_29.jpg
__imageDownloader__: path existed! >>> e:/hanman/漂亮干姐姐漫画下载/11_30.jpg
__imageDownloader__: path existed! >>> e:/hanman/漂亮干姐姐漫画下载/11_31.jpg
__imageDownloader__: path existed! >>> e:/hanman/漂亮干姐姐漫画下载/11_32.jpg
__imageDownloader__: path existed! >>> e:/hanman/漂亮干姐姐漫画下载/11_33.jpg
__imageDownloader__: path existed! >>> e:/hanman/漂亮干姐姐漫画下载/11_34.jpg
__imageDownloader__: no image data need download!
__imageDownloadPlugin__: ERROR! >>> Error: read ECONNRESET
__imageDownloadPlugin__: get image info! ready to download
__imageDownloadPlugin__RE__: try to save! url >>> http://www.manhualove.com/upload2/28873/2019/05-06/20190506102838_37846pcuxiAr_small.jpg
__imageDownloadPlugin__RE__: img saved! urlName >>> 5-06/20190506102844_9878446puwn6a_small.jpg, path >>> e:/hanman/漂亮干姐姐漫画下载/11_28.jpg 
__imageDownloader__: ERROR! >>> Error: read ECONNRESET
__imageDownloader__: delete error path >>> e:/hanman/漂亮干姐姐漫画下载/10_28.jpg
__imageDownloadPlugin__: ERROR! >>> Error: ESOCKETTIMEDOUT
__imageDownloadPlugin__: get image info! ready to download
__imageDownloadPlugin__RE__: try to save! url >>> http://www.manhualove.com/upload2/28873/2019/05-06/20190506102806_3782nkcbi2819l_small.jpg
__imageDownloader__: ERROR! >>> Error: read ECONNRESET
__imageDownloader__: delete error path >>> e:/hanman/漂亮干姐姐漫画下载/11_28.jpg
__imageDownloader__RE__: img saved! urlName >>> 05-06/20190506102838_37846pcuxiAr_small.jpg, path >>>> e:/hanman/漂亮干姐姐漫画下载/11_11.jpg 
__imageDownloader__: all images downloaded!
__imageDownloader__: error list >>> 
[{"url":"http://www.manhualove.com/upload2/28873/2019/05-06/20190506102806_3782nkcbi2819l_small.jpg","path":"e:/hanman/漂亮干姐姐漫画下载/10_28.jpg"},{"url":"http://www.manhualove.com/upload2/28873/2019/05-06/20190506102844_9878446puwn6a_small.jpg","path":"e:/hanman/漂亮干姐姐漫画下载/11_28.jpg"}]
__imageDownloader__: error list length >>> 2
__LOG__: logger out!