e:/hanman2/帮人家画嘛/4_帮人家画嘛 第4话/6.jpg is created successful!
e:/hanman2/帮人家画嘛/4_帮人家画嘛 第4话/5.jpg is created successful!
e:/hanman2/帮人家画嘛/4_帮人家画嘛 第4话/7.jpg is created successful!
e:/hanman2/帮人家画嘛/4_帮人家画嘛 第4话/8.jpg is created successful!
e:/hanman2/帮人家画嘛/4_帮人家画嘛 第4话/9.jpg is created successful!
e:/hanman2/帮人家画嘛/4_帮人家画嘛 第4话/10.jpg is created successful!
e:/hanman2/帮人家画嘛/4_帮人家画嘛 第4话/14.jpg is created successful!
e:/hanman2/帮人家画嘛/4_帮人家画嘛 第4话/12.jpg is created successful!
e:/hanman2/帮人家画嘛/4_帮人家画嘛 第4话/11.jpg is created successful!
e:/hanman2/帮人家画嘛/4_帮人家画嘛 第4话/13.jpg is created successful!
e:/hanman2/帮人家画嘛/5_帮人家画嘛 第5话/1.jpg is created successful!
e:/hanman2/帮人家画嘛/5_帮人家画嘛 第5话/2.jpg is created successful!
e:/hanman2/帮人家画嘛/5_帮人家画嘛 第5话/3.jpg is created successful!
e:/hanman2/帮人家画嘛/5_帮人家画嘛 第5话/4.jpg is created successful!
e:/hanman2/帮人家画嘛/5_帮人家画嘛 第5话/5.jpg is created successful!
e:/hanman2/帮人家画嘛/5_帮人家画嘛 第5话/7.jpg is created successful!
e:/hanman2/帮人家画嘛/5_帮人家画嘛 第5话/6.jpg is created successful!
e:/hanman2/帮人家画嘛/5_帮人家画嘛 第5话/10.jpg is created successful!
e:/hanman2/帮人家画嘛/5_帮人家画嘛 第5话/8.jpg is created successful!
e:/hanman2/帮人家画嘛/5_帮人家画嘛 第5话/9.jpg is created successful!
e:/hanman2/帮人家画嘛/5_帮人家画嘛 第5话/11.jpg is created successful!
e:/hanman2/帮人家画嘛/5_帮人家画嘛 第5话/12.jpg is created successful!
e:/hanman2/帮人家画嘛/5_帮人家画嘛 第5话/15.jpg is created successful!
e:/hanman2/帮人家画嘛/5_帮人家画嘛 第5话/14.jpg is created successful!
e:/hanman2/帮人家画嘛/5_帮人家画嘛 第5话/13.jpg is created successful!
e:/hanman2/帮人家画嘛/5_帮人家画嘛 第5话/19.jpg is created successful!
e:/hanman2/帮人家画嘛/5_帮人家画嘛 第5话/16.jpg is created successful!
e:/hanman2/帮人家画嘛/5_帮人家画嘛 第5话/17.jpg is created successful!
e:/hanman2/帮人家画嘛/6_帮人家画嘛 第6话/1.jpg is created successful!
e:/hanman2/帮人家画嘛/5_帮人家画嘛 第5话/18.jpg is created successful!
e:/hanman2/帮人家画嘛/6_帮人家画嘛 第6话/3.jpg is created successful!
e:/hanman2/帮人家画嘛/6_帮人家画嘛 第6话/2.jpg is created successful!
e:/hanman2/帮人家画嘛/6_帮人家画嘛 第6话/4.jpg is created successful!
e:/hanman2/帮人家画嘛/6_帮人家画嘛 第6话/5.jpg is created successful!
e:/hanman2/帮人家画嘛/6_帮人家画嘛 第6话/6.jpg is created successful!
e:/hanman2/帮人家画嘛/6_帮人家画嘛 第6话/8.jpg is created successful!
e:/hanman2/帮人家画嘛/6_帮人家画嘛 第6话/10.jpg is created successful!
e:/hanman2/帮人家画嘛/6_帮人家画嘛 第6话/7.jpg is created successful!
e:/hanman2/帮人家画嘛/6_帮人家画嘛 第6话/9.jpg is created successful!
e:/hanman2/帮人家画嘛/6_帮人家画嘛 第6话/11.jpg is created successful!
e:/hanman2/帮人家画嘛/6_帮人家画嘛 第6话/13.jpg is created successful!
e:/hanman2/帮人家画嘛/6_帮人家画嘛 第6话/16.jpg is created successful!
e:/hanman2/帮人家画嘛/6_帮人家画嘛 第6话/12.jpg is created successful!
e:/hanman2/帮人家画嘛/6_帮人家画嘛 第6话/14.jpg is created successful!
e:/hanman2/帮人家画嘛/6_帮人家画嘛 第6话/15.jpg is created successful!
e:/hanman2/帮人家画嘛/7_帮人家画嘛 第7话/1.jpg is created successful!
e:/hanman2/帮人家画嘛/7_帮人家画嘛 第7话/3.jpg is created successful!
e:/hanman2/帮人家画嘛/7_帮人家画嘛 第7话/2.jpg is created successful!
e:/hanman2/帮人家画嘛/7_帮人家画嘛 第7话/7.jpg is created successful!
e:/hanman2/帮人家画嘛/7_帮人家画嘛 第7话/4.jpg is created successful!
e:/hanman2/帮人家画嘛/7_帮人家画嘛 第7话/5.jpg is created successful!
e:/hanman2/帮人家画嘛/7_帮人家画嘛 第7话/9.jpg is created successful!
e:/hanman2/帮人家画嘛/7_帮人家画嘛 第7话/8.jpg is created successful!
e:/hanman2/帮人家画嘛/7_帮人家画嘛 第7话/6.jpg is created successful!
e:/hanman2/帮人家画嘛/7_帮人家画嘛 第7话/11.jpg is created successful!
e:/hanman2/帮人家画嘛/7_帮人家画嘛 第7话/12.jpg is created successful!
e:/hanman2/帮人家画嘛/7_帮人家画嘛 第7话/13.jpg is created successful!
e:/hanman2/帮人家画嘛/7_帮人家画嘛 第7话/10.jpg is created successful!
e:/hanman2/帮人家画嘛/7_帮人家画嘛 第7话/18.jpg is created successful!
e:/hanman2/帮人家画嘛/7_帮人家画嘛 第7话/14.jpg is created successful!
e:/hanman2/帮人家画嘛/7_帮人家画嘛 第7话/16.jpg is created successful!
e:/hanman2/帮人家画嘛/7_帮人家画嘛 第7话/17.jpg is created successful!
e:/hanman2/帮人家画嘛/7_帮人家画嘛 第7话/15.jpg is created successful!
e:/hanman2/帮人家画嘛/8_帮人家画嘛 第8话/1.jpg is created successful!
e:/hanman2/帮人家画嘛/8_帮人家画嘛 第8话/3.jpg is created successful!
e:/hanman2/帮人家画嘛/8_帮人家画嘛 第8话/4.jpg is created successful!
e:/hanman2/帮人家画嘛/8_帮人家画嘛 第8话/2.jpg is created successful!
e:/hanman2/帮人家画嘛/8_帮人家画嘛 第8话/7.jpg is created successful!
e:/hanman2/帮人家画嘛/8_帮人家画嘛 第8话/6.jpg is created successful!
e:/hanman2/帮人家画嘛/8_帮人家画嘛 第8话/5.jpg is created successful!
e:/hanman2/帮人家画嘛/8_帮人家画嘛 第8话/8.jpg is created successful!
e:/hanman2/帮人家画嘛/8_帮人家画嘛 第8话/11.jpg is created successful!
e:/hanman2/帮人家画嘛/8_帮人家画嘛 第8话/10.jpg is created successful!
e:/hanman2/帮人家画嘛/8_帮人家画嘛 第8话/9.jpg is created successful!
e:/hanman2/帮人家画嘛/8_帮人家画嘛 第8话/12.jpg is created successful!
e:/hanman2/帮人家画嘛/8_帮人家画嘛 第8话/15.jpg is created successful!
e:/hanman2/帮人家画嘛/8_帮人家画嘛 第8话/13.jpg is created successful!
e:/hanman2/帮人家画嘛/8_帮人家画嘛 第8话/14.jpg is created successful!
e:/hanman2/帮人家画嘛/9_帮人家画嘛 第9话/1.jpg is created successful!
e:/hanman2/帮人家画嘛/9_帮人家画嘛 第9话/2.jpg is created successful!
e:/hanman2/帮人家画嘛/9_帮人家画嘛 第9话/4.jpg is created successful!
e:/hanman2/帮人家画嘛/9_帮人家画嘛 第9话/3.jpg is created successful!
e:/hanman2/帮人家画嘛/9_帮人家画嘛 第9话/8.jpg is created successful!
e:/hanman2/帮人家画嘛/9_帮人家画嘛 第9话/5.jpg is created successful!
e:/hanman2/帮人家画嘛/9_帮人家画嘛 第9话/6.jpg is created successful!
e:/hanman2/帮人家画嘛/9_帮人家画嘛 第9话/7.jpg is created successful!
e:/hanman2/帮人家画嘛/9_帮人家画嘛 第9话/9.jpg is created successful!
e:/hanman2/帮人家画嘛/9_帮人家画嘛 第9话/10.jpg is created successful!
e:/hanman2/帮人家画嘛/9_帮人家画嘛 第9话/11.jpg is created successful!
e:/hanman2/帮人家画嘛/9_帮人家画嘛 第9话/12.jpg is created successful!
e:/hanman2/帮人家画嘛/9_帮人家画嘛 第9话/13.jpg is created successful!
e:/hanman2/帮人家画嘛/9_帮人家画嘛 第9话/15.jpg is created successful!
e:/hanman2/帮人家画嘛/9_帮人家画嘛 第9话/14.jpg is created successful!
e:/hanman2/帮人家画嘛/9_帮人家画嘛 第9话/16.jpg is created successful!
e:/hanman2/帮人家画嘛/10_帮人家画嘛 第10话/1.jpg is created successful!
e:/hanman2/帮人家画嘛/10_帮人家画嘛 第10话/2.jpg is created successful!
e:/hanman2/帮人家画嘛/10_帮人家画嘛 第10话/3.jpg is created successful!
e:/hanman2/帮人家画嘛/10_帮人家画嘛 第10话/5.jpg is created successful!
e:/hanman2/帮人家画嘛/10_帮人家画嘛 第10话/4.jpg is created successful!
e:/hanman2/帮人家画嘛/10_帮人家画嘛 第10话/6.jpg is created successful!
e:/hanman2/帮人家画嘛/10_帮人家画嘛 第10话/7.jpg is created successful!
e:/hanman2/帮人家画嘛/10_帮人家画嘛 第10话/10.jpg is created successful!
e:/hanman2/帮人家画嘛/10_帮人家画嘛 第10话/9.jpg is created successful!
e:/hanman2/帮人家画嘛/10_帮人家画嘛 第10话/8.jpg is created successful!
e:/hanman2/帮人家画嘛/10_帮人家画嘛 第10话/11.jpg is created successful!
e:/hanman2/帮人家画嘛/10_帮人家画嘛 第10话/15.jpg is created successful!
e:/hanman2/帮人家画嘛/10_帮人家画嘛 第10话/13.jpg is created successful!
e:/hanman2/帮人家画嘛/10_帮人家画嘛 第10话/14.jpg is created successful!
e:/hanman2/帮人家画嘛/10_帮人家画嘛 第10话/12.jpg is created successful!
e:/hanman2/帮人家画嘛/11_帮人家画嘛 第11话/1.jpg is created successful!
e:/hanman2/帮人家画嘛/11_帮人家画嘛 第11话/3.jpg is created successful!
e:/hanman2/帮人家画嘛/11_帮人家画嘛 第11话/2.jpg is created successful!
e:/hanman2/帮人家画嘛/11_帮人家画嘛 第11话/5.jpg is created successful!
e:/hanman2/帮人家画嘛/11_帮人家画嘛 第11话/4.jpg is created successful!
e:/hanman2/帮人家画嘛/11_帮人家画嘛 第11话/6.jpg is created successful!
e:/hanman2/帮人家画嘛/11_帮人家画嘛 第11话/10.jpg is created successful!
e:/hanman2/帮人家画嘛/11_帮人家画嘛 第11话/7.jpg is created successful!
e:/hanman2/帮人家画嘛/11_帮人家画嘛 第11话/9.jpg is created successful!
e:/hanman2/帮人家画嘛/11_帮人家画嘛 第11话/11.jpg is created successful!
e:/hanman2/帮人家画嘛/11_帮人家画嘛 第11话/8.jpg is created successful!
e:/hanman2/帮人家画嘛/11_帮人家画嘛 第11话/12.jpg is created successful!
e:/hanman2/帮人家画嘛/11_帮人家画嘛 第11话/17.jpg is created successful!
e:/hanman2/帮人家画嘛/11_帮人家画嘛 第11话/14.jpg is created successful!
e:/hanman2/帮人家画嘛/11_帮人家画嘛 第11话/15.jpg is created successful!
e:/hanman2/帮人家画嘛/11_帮人家画嘛 第11话/13.jpg is created successful!
e:/hanman2/帮人家画嘛/11_帮人家画嘛 第11话/16.jpg is created successful!
e:/hanman2/帮人家画嘛/12_帮人家画嘛 第12话/2.jpg is created successful!
e:/hanman2/帮人家画嘛/12_帮人家画嘛 第12话/1.jpg is created successful!
e:/hanman2/帮人家画嘛/12_帮人家画嘛 第12话/4.jpg is created successful!
e:/hanman2/帮人家画嘛/12_帮人家画嘛 第12话/3.jpg is created successful!
e:/hanman2/帮人家画嘛/12_帮人家画嘛 第12话/7.jpg is created successful!
e:/hanman2/帮人家画嘛/12_帮人家画嘛 第12话/5.jpg is created successful!
e:/hanman2/帮人家画嘛/12_帮人家画嘛 第12话/6.jpg is created successful!
e:/hanman2/帮人家画嘛/12_帮人家画嘛 第12话/8.jpg is created successful!
e:/hanman2/帮人家画嘛/12_帮人家画嘛 第12话/9.jpg is created successful!
e:/hanman2/帮人家画嘛/12_帮人家画嘛 第12话/10.jpg is created successful!
e:/hanman2/帮人家画嘛/12_帮人家画嘛 第12话/11.jpg is created successful!
e:/hanman2/帮人家画嘛/12_帮人家画嘛 第12话/13.jpg is created successful!
e:/hanman2/帮人家画嘛/12_帮人家画嘛 第12话/12.jpg is created successful!
e:/hanman2/帮人家画嘛/12_帮人家画嘛 第12话/14.jpg is created successful!
e:/hanman2/帮人家画嘛/12_帮人家画嘛 第12话/15.jpg is created successful!
e:/hanman2/帮人家画嘛/13_帮人家画嘛 第13话/1.jpg is created successful!
e:/hanman2/帮人家画嘛/13_帮人家画嘛 第13话/2.jpg is created successful!
e:/hanman2/帮人家画嘛/13_帮人家画嘛 第13话/5.jpg is created successful!
e:/hanman2/帮人家画嘛/13_帮人家画嘛 第13话/4.jpg is created successful!
e:/hanman2/帮人家画嘛/13_帮人家画嘛 第13话/3.jpg is created successful!
e:/hanman2/帮人家画嘛/13_帮人家画嘛 第13话/8.jpg is created successful!
e:/hanman2/帮人家画嘛/13_帮人家画嘛 第13话/6.jpg is created successful!
e:/hanman2/帮人家画嘛/13_帮人家画嘛 第13话/7.jpg is created successful!
e:/hanman2/帮人家画嘛/13_帮人家画嘛 第13话/9.jpg is created successful!
e:/hanman2/帮人家画嘛/13_帮人家画嘛 第13话/11.jpg is created successful!
e:/hanman2/帮人家画嘛/13_帮人家画嘛 第13话/10.jpg is created successful!
e:/hanman2/帮人家画嘛/13_帮人家画嘛 第13话/12.jpg is created successful!
e:/hanman2/帮人家画嘛/13_帮人家画嘛 第13话/13.jpg is created successful!
e:/hanman2/帮人家画嘛/13_帮人家画嘛 第13话/14.jpg is created successful!
e:/hanman2/帮人家画嘛/13_帮人家画嘛 第13话/16.jpg is created successful!
e:/hanman2/帮人家画嘛/13_帮人家画嘛 第13话/15.jpg is created successful!
e:/hanman2/帮人家画嘛/13_帮人家画嘛 第13话/18.jpg is created successful!
e:/hanman2/帮人家画嘛/13_帮人家画嘛 第13话/17.jpg is created successful!
e:/hanman2/帮人家画嘛/13_帮人家画嘛 第13话/19.jpg is created successful!
e:/hanman2/帮人家画嘛/14_帮人家画嘛 第14话/1.jpg is created successful!
e:/hanman2/帮人家画嘛/14_帮人家画嘛 第14话/2.jpg is created successful!
e:/hanman2/帮人家画嘛/14_帮人家画嘛 第14话/4.jpg is created successful!
e:/hanman2/帮人家画嘛/14_帮人家画嘛 第14话/3.jpg is created successful!
e:/hanman2/帮人家画嘛/14_帮人家画嘛 第14话/6.jpg is created successful!
e:/hanman2/帮人家画嘛/14_帮人家画嘛 第14话/5.jpg is created successful!
e:/hanman2/帮人家画嘛/14_帮人家画嘛 第14话/7.jpg is created successful!
e:/hanman2/帮人家画嘛/14_帮人家画嘛 第14话/8.jpg is created successful!
e:/hanman2/帮人家画嘛/14_帮人家画嘛 第14话/9.jpg is created successful!
e:/hanman2/帮人家画嘛/14_帮人家画嘛 第14话/10.jpg is created successful!
e:/hanman2/帮人家画嘛/14_帮人家画嘛 第14话/11.jpg is created successful!
e:/hanman2/帮人家画嘛/14_帮人家画嘛 第14话/12.jpg is created successful!
e:/hanman2/帮人家画嘛/14_帮人家画嘛 第14话/16.jpg is created successful!
e:/hanman2/帮人家画嘛/14_帮人家画嘛 第14话/14.jpg is created successful!
e:/hanman2/帮人家画嘛/14_帮人家画嘛 第14话/13.jpg is created successful!
e:/hanman2/帮人家画嘛/14_帮人家画嘛 第14话/15.jpg is created successful!
e:/hanman2/帮人家画嘛/14_帮人家画嘛 第14话/17.jpg is created successful!
e:/hanman2/帮人家画嘛/15_帮人家画嘛 第15话/1.jpg is created successful!
e:/hanman2/帮人家画嘛/15_帮人家画嘛 第15话/2.jpg is created successful!
e:/hanman2/帮人家画嘛/15_帮人家画嘛 第15话/4.jpg is created successful!
e:/hanman2/帮人家画嘛/15_帮人家画嘛 第15话/3.jpg is created successful!
e:/hanman2/帮人家画嘛/15_帮人家画嘛 第15话/5.jpg is created successful!
e:/hanman2/帮人家画嘛/15_帮人家画嘛 第15话/7.jpg is created successful!
e:/hanman2/帮人家画嘛/15_帮人家画嘛 第15话/10.jpg is created successful!
e:/hanman2/帮人家画嘛/15_帮人家画嘛 第15话/6.jpg is created successful!
e:/hanman2/帮人家画嘛/15_帮人家画嘛 第15话/8.jpg is created successful!
e:/hanman2/帮人家画嘛/15_帮人家画嘛 第15话/9.jpg is created successful!
e:/hanman2/帮人家画嘛/15_帮人家画嘛 第15话/11.jpg is created successful!
e:/hanman2/帮人家画嘛/15_帮人家画嘛 第15话/12.jpg is created successful!
e:/hanman2/帮人家画嘛/16_帮人家画嘛 第16话/1.jpg is created successful!
e:/hanman2/帮人家画嘛/15_帮人家画嘛 第15话/14.jpg is created successful!
e:/hanman2/帮人家画嘛/15_帮人家画嘛 第15话/13.jpg is created successful!
e:/hanman2/帮人家画嘛/16_帮人家画嘛 第16话/2.jpg is created successful!
e:/hanman2/帮人家画嘛/16_帮人家画嘛 第16话/4.jpg is created successful!
e:/hanman2/帮人家画嘛/16_帮人家画嘛 第16话/6.jpg is created successful!
e:/hanman2/帮人家画嘛/16_帮人家画嘛 第16话/3.jpg is created successful!
e:/hanman2/帮人家画嘛/16_帮人家画嘛 第16话/5.jpg is created successful!
e:/hanman2/帮人家画嘛/16_帮人家画嘛 第16话/8.jpg is created successful!
e:/hanman2/帮人家画嘛/16_帮人家画嘛 第16话/7.jpg is created successful!
e:/hanman2/帮人家画嘛/16_帮人家画嘛 第16话/11.jpg is created successful!
e:/hanman2/帮人家画嘛/16_帮人家画嘛 第16话/9.jpg is created successful!
e:/hanman2/帮人家画嘛/16_帮人家画嘛 第16话/10.jpg is created successful!
e:/hanman2/帮人家画嘛/16_帮人家画嘛 第16话/12.jpg is created successful!
e:/hanman2/帮人家画嘛/16_帮人家画嘛 第16话/14.jpg is created successful!
e:/hanman2/帮人家画嘛/16_帮人家画嘛 第16话/13.jpg is created successful!
e:/hanman2/帮人家画嘛/16_帮人家画嘛 第16话/15.jpg is created successful!
e:/hanman2/帮人家画嘛/16_帮人家画嘛 第16话/18.jpg is created successful!
e:/hanman2/帮人家画嘛/16_帮人家画嘛 第16话/16.jpg is created successful!
e:/hanman2/帮人家画嘛/16_帮人家画嘛 第16话/17.jpg is created successful!
e:/hanman2/帮人家画嘛/17_帮人家画嘛 第17话/1.jpg is created successful!
e:/hanman2/帮人家画嘛/17_帮人家画嘛 第17话/2.jpg is created successful!
e:/hanman2/帮人家画嘛/17_帮人家画嘛 第17话/3.jpg is created successful!
e:/hanman2/帮人家画嘛/17_帮人家画嘛 第17话/4.jpg is created successful!
e:/hanman2/帮人家画嘛/17_帮人家画嘛 第17话/5.jpg is created successful!
e:/hanman2/帮人家画嘛/17_帮人家画嘛 第17话/7.jpg is created successful!
e:/hanman2/帮人家画嘛/17_帮人家画嘛 第17话/8.jpg is created successful!
e:/hanman2/帮人家画嘛/17_帮人家画嘛 第17话/6.jpg is created successful!
e:/hanman2/帮人家画嘛/17_帮人家画嘛 第17话/11.jpg is created successful!
e:/hanman2/帮人家画嘛/17_帮人家画嘛 第17话/9.jpg is created successful!
e:/hanman2/帮人家画嘛/17_帮人家画嘛 第17话/10.jpg is created successful!
e:/hanman2/帮人家画嘛/17_帮人家画嘛 第17话/12.jpg is created successful!
e:/hanman2/帮人家画嘛/17_帮人家画嘛 第17话/13.jpg is created successful!
e:/hanman2/帮人家画嘛/17_帮人家画嘛 第17话/18.jpg is created successful!
e:/hanman2/帮人家画嘛/17_帮人家画嘛 第17话/14.jpg is created successful!
e:/hanman2/帮人家画嘛/17_帮人家画嘛 第17话/15.jpg is created successful!
e:/hanman2/帮人家画嘛/17_帮人家画嘛 第17话/17.jpg is created successful!
e:/hanman2/帮人家画嘛/17_帮人家画嘛 第17话/16.jpg is created successful!
e:/hanman2/帮人家画嘛/18_帮人家画嘛 第18话/1.jpg is created successful!
e:/hanman2/帮人家画嘛/18_帮人家画嘛 第18话/2.jpg is created successful!
e:/hanman2/帮人家画嘛/18_帮人家画嘛 第18话/5.jpg is created successful!
e:/hanman2/帮人家画嘛/18_帮人家画嘛 第18话/6.jpg is created successful!
e:/hanman2/帮人家画嘛/18_帮人家画嘛 第18话/4.jpg is created successful!
e:/hanman2/帮人家画嘛/18_帮人家画嘛 第18话/3.jpg is created successful!
e:/hanman2/帮人家画嘛/18_帮人家画嘛 第18话/7.jpg is created successful!
e:/hanman2/帮人家画嘛/18_帮人家画嘛 第18话/8.jpg is created successful!
e:/hanman2/帮人家画嘛/18_帮人家画嘛 第18话/10.jpg is created successful!
e:/hanman2/帮人家画嘛/18_帮人家画嘛 第18话/9.jpg is created successful!
e:/hanman2/帮人家画嘛/18_帮人家画嘛 第18话/11.jpg is created successful!
e:/hanman2/帮人家画嘛/18_帮人家画嘛 第18话/12.jpg is created successful!
e:/hanman2/帮人家画嘛/18_帮人家画嘛 第18话/13.jpg is created successful!
e:/hanman2/帮人家画嘛/18_帮人家画嘛 第18话/14.jpg is created successful!
e:/hanman2/帮人家画嘛/18_帮人家画嘛 第18话/15.jpg is created successful!
e:/hanman2/帮人家画嘛/18_帮人家画嘛 第18话/16.jpg is created successful!
e:/hanman2/帮人家画嘛/18_帮人家画嘛 第18话/19.jpg is created successful!
e:/hanman2/帮人家画嘛/19_帮人家画嘛 第19话/1.jpg is created successful!
e:/hanman2/帮人家画嘛/18_帮人家画嘛 第18话/18.jpg is created successful!
e:/hanman2/帮人家画嘛/18_帮人家画嘛 第18话/17.jpg is created successful!
e:/hanman2/帮人家画嘛/19_帮人家画嘛 第19话/3.jpg is created successful!
e:/hanman2/帮人家画嘛/19_帮人家画嘛 第19话/2.jpg is created successful!
e:/hanman2/帮人家画嘛/19_帮人家画嘛 第19话/4.jpg is created successful!
e:/hanman2/帮人家画嘛/19_帮人家画嘛 第19话/5.jpg is created successful!
e:/hanman2/帮人家画嘛/19_帮人家画嘛 第19话/6.jpg is created successful!
e:/hanman2/帮人家画嘛/19_帮人家画嘛 第19话/8.jpg is created successful!
e:/hanman2/帮人家画嘛/19_帮人家画嘛 第19话/7.jpg is created successful!
e:/hanman2/帮人家画嘛/19_帮人家画嘛 第19话/9.jpg is created successful!
e:/hanman2/帮人家画嘛/19_帮人家画嘛 第19话/11.jpg is created successful!
e:/hanman2/帮人家画嘛/19_帮人家画嘛 第19话/10.jpg is created successful!
e:/hanman2/帮人家画嘛/19_帮人家画嘛 第19话/12.jpg is created successful!
e:/hanman2/帮人家画嘛/19_帮人家画嘛 第19话/14.jpg is created successful!
e:/hanman2/帮人家画嘛/19_帮人家画嘛 第19话/13.jpg is created successful!
e:/hanman2/帮人家画嘛/20_帮人家画嘛 第20话/1.jpg is created successful!
e:/hanman2/帮人家画嘛/20_帮人家画嘛 第20话/2.jpg is created successful!
e:/hanman2/帮人家画嘛/19_帮人家画嘛 第19话/15.jpg is created successful!
e:/hanman2/帮人家画嘛/20_帮人家画嘛 第20话/3.jpg is created successful!
e:/hanman2/帮人家画嘛/20_帮人家画嘛 第20话/4.jpg is created successful!
e:/hanman2/帮人家画嘛/20_帮人家画嘛 第20话/7.jpg is created successful!
e:/hanman2/帮人家画嘛/20_帮人家画嘛 第20话/5.jpg is created successful!
e:/hanman2/帮人家画嘛/20_帮人家画嘛 第20话/8.jpg is created successful!
e:/hanman2/帮人家画嘛/20_帮人家画嘛 第20话/9.jpg is created successful!
e:/hanman2/帮人家画嘛/20_帮人家画嘛 第20话/6.jpg is created successful!
e:/hanman2/帮人家画嘛/20_帮人家画嘛 第20话/13.jpg is created successful!
e:/hanman2/帮人家画嘛/20_帮人家画嘛 第20话/10.jpg is created successful!
e:/hanman2/帮人家画嘛/20_帮人家画嘛 第20话/11.jpg is created successful!
e:/hanman2/帮人家画嘛/20_帮人家画嘛 第20话/12.jpg is created successful!
e:/hanman2/帮人家画嘛/20_帮人家画嘛 第20话/18.jpg is created successful!
e:/hanman2/帮人家画嘛/20_帮人家画嘛 第20话/15.jpg is created successful!
e:/hanman2/帮人家画嘛/20_帮人家画嘛 第20话/14.jpg is created successful!
e:/hanman2/帮人家画嘛/20_帮人家画嘛 第20话/17.jpg is created successful!
e:/hanman2/帮人家画嘛/20_帮人家画嘛 第20话/16.jpg is created successful!
e:/hanman2/帮人家画嘛/21_帮人家画嘛 第21话/1.jpg is created successful!
e:/hanman2/帮人家画嘛/21_帮人家画嘛 第21话/3.jpg is created successful!
e:/hanman2/帮人家画嘛/21_帮人家画嘛 第21话/2.jpg is created successful!
e:/hanman2/帮人家画嘛/21_帮人家画嘛 第21话/7.jpg is created successful!
e:/hanman2/帮人家画嘛/21_帮人家画嘛 第21话/6.jpg is created successful!
e:/hanman2/帮人家画嘛/21_帮人家画嘛 第21话/4.jpg is created successful!
e:/hanman2/帮人家画嘛/21_帮人家画嘛 第21话/5.jpg is created successful!
e:/hanman2/帮人家画嘛/21_帮人家画嘛 第21话/11.jpg is created successful!
e:/hanman2/帮人家画嘛/21_帮人家画嘛 第21话/8.jpg is created successful!
e:/hanman2/帮人家画嘛/21_帮人家画嘛 第21话/9.jpg is created successful!
e:/hanman2/帮人家画嘛/21_帮人家画嘛 第21话/10.jpg is created successful!
e:/hanman2/帮人家画嘛/21_帮人家画嘛 第21话/12.jpg is created successful!
e:/hanman2/帮人家画嘛/21_帮人家画嘛 第21话/17.jpg is created successful!
e:/hanman2/帮人家画嘛/21_帮人家画嘛 第21话/13.jpg is created successful!
e:/hanman2/帮人家画嘛/21_帮人家画嘛 第21话/14.jpg is created successful!
e:/hanman2/帮人家画嘛/21_帮人家画嘛 第21话/16.jpg is created successful!
e:/hanman2/帮人家画嘛/21_帮人家画嘛 第21话/15.jpg is created successful!
e:/hanman2/帮人家画嘛/22_帮人家画嘛 第22话/1.jpg is created successful!
e:/hanman2/帮人家画嘛/22_帮人家画嘛 第22话/5.jpg is created successful!
e:/hanman2/帮人家画嘛/22_帮人家画嘛 第22话/2.jpg is created successful!
e:/hanman2/帮人家画嘛/22_帮人家画嘛 第22话/3.jpg is created successful!
e:/hanman2/帮人家画嘛/22_帮人家画嘛 第22话/4.jpg is created successful!
e:/hanman2/帮人家画嘛/22_帮人家画嘛 第22话/6.jpg is created successful!
e:/hanman2/帮人家画嘛/22_帮人家画嘛 第22话/7.jpg is created successful!
e:/hanman2/帮人家画嘛/22_帮人家画嘛 第22话/8.jpg is created successful!
e:/hanman2/帮人家画嘛/22_帮人家画嘛 第22话/10.jpg is created successful!
e:/hanman2/帮人家画嘛/22_帮人家画嘛 第22话/9.jpg is created successful!
e:/hanman2/帮人家画嘛/22_帮人家画嘛 第22话/12.jpg is created successful!
e:/hanman2/帮人家画嘛/22_帮人家画嘛 第22话/11.jpg is created successful!
e:/hanman2/帮人家画嘛/22_帮人家画嘛 第22话/13.jpg is created successful!
e:/hanman2/帮人家画嘛/22_帮人家画嘛 第22话/14.jpg is created successful!
e:/hanman2/帮人家画嘛/22_帮人家画嘛 第22话/16.jpg is created successful!
e:/hanman2/帮人家画嘛/22_帮人家画嘛 第22话/15.jpg is created successful!
e:/hanman2/帮人家画嘛/23_帮人家画嘛 第23话/1.jpg is created successful!
e:/hanman2/帮人家画嘛/23_帮人家画嘛 第23话/2.jpg is created successful!
e:/hanman2/帮人家画嘛/23_帮人家画嘛 第23话/5.jpg is created successful!
e:/hanman2/帮人家画嘛/23_帮人家画嘛 第23话/3.jpg is created successful!
e:/hanman2/帮人家画嘛/23_帮人家画嘛 第23话/6.jpg is created successful!
e:/hanman2/帮人家画嘛/23_帮人家画嘛 第23话/4.jpg is created successful!
e:/hanman2/帮人家画嘛/23_帮人家画嘛 第23话/9.jpg is created successful!
e:/hanman2/帮人家画嘛/23_帮人家画嘛 第23话/7.jpg is created successful!
e:/hanman2/帮人家画嘛/23_帮人家画嘛 第23话/8.jpg is created successful!
e:/hanman2/帮人家画嘛/23_帮人家画嘛 第23话/10.jpg is created successful!
e:/hanman2/帮人家画嘛/23_帮人家画嘛 第23话/11.jpg is created successful!
e:/hanman2/帮人家画嘛/23_帮人家画嘛 第23话/15.jpg is created successful!
e:/hanman2/帮人家画嘛/23_帮人家画嘛 第23话/12.jpg is created successful!
e:/hanman2/帮人家画嘛/23_帮人家画嘛 第23话/13.jpg is created successful!
e:/hanman2/帮人家画嘛/23_帮人家画嘛 第23话/16.jpg is created successful!
e:/hanman2/帮人家画嘛/23_帮人家画嘛 第23话/14.jpg is created successful!
e:/hanman2/帮人家画嘛/23_帮人家画嘛 第23话/18.jpg is created successful!
e:/hanman2/帮人家画嘛/23_帮人家画嘛 第23话/17.jpg is created successful!
e:/hanman2/帮人家画嘛/23_帮人家画嘛 第23话/19.jpg is created successful!
e:/hanman2/帮人家画嘛/24_帮人家画嘛 第24话/1.jpg is created successful!
e:/hanman2/帮人家画嘛/24_帮人家画嘛 第24话/2.jpg is created successful!
e:/hanman2/帮人家画嘛/24_帮人家画嘛 第24话/3.jpg is created successful!
e:/hanman2/帮人家画嘛/24_帮人家画嘛 第24话/5.jpg is created successful!
e:/hanman2/帮人家画嘛/24_帮人家画嘛 第24话/4.jpg is created successful!
e:/hanman2/帮人家画嘛/24_帮人家画嘛 第24话/6.jpg is created successful!
e:/hanman2/帮人家画嘛/24_帮人家画嘛 第24话/7.jpg is created successful!
e:/hanman2/帮人家画嘛/24_帮人家画嘛 第24话/10.jpg is created successful!
e:/hanman2/帮人家画嘛/24_帮人家画嘛 第24话/9.jpg is created successful!
e:/hanman2/帮人家画嘛/24_帮人家画嘛 第24话/12.jpg is created successful!
e:/hanman2/帮人家画嘛/24_帮人家画嘛 第24话/8.jpg is created successful!
e:/hanman2/帮人家画嘛/24_帮人家画嘛 第24话/11.jpg is created successful!
e:/hanman2/帮人家画嘛/24_帮人家画嘛 第24话/13.jpg is created successful!
e:/hanman2/帮人家画嘛/24_帮人家画嘛 第24话/14.jpg is created successful!
e:/hanman2/帮人家画嘛/24_帮人家画嘛 第24话/16.jpg is created successful!
e:/hanman2/帮人家画嘛/24_帮人家画嘛 第24话/15.jpg is created successful!
e:/hanman2/帮人家画嘛/25_帮人家画嘛 第25话/1.jpg is created successful!
e:/hanman2/帮人家画嘛/25_帮人家画嘛 第25话/2.jpg is created successful!
e:/hanman2/帮人家画嘛/25_帮人家画嘛 第25话/3.jpg is created successful!
e:/hanman2/帮人家画嘛/25_帮人家画嘛 第25话/4.jpg is created successful!
e:/hanman2/帮人家画嘛/25_帮人家画嘛 第25话/5.jpg is created successful!
e:/hanman2/帮人家画嘛/25_帮人家画嘛 第25话/6.jpg is created successful!
e:/hanman2/帮人家画嘛/25_帮人家画嘛 第25话/8.jpg is created successful!
e:/hanman2/帮人家画嘛/25_帮人家画嘛 第25话/7.jpg is created successful!
e:/hanman2/帮人家画嘛/25_帮人家画嘛 第25话/12.jpg is created successful!
e:/hanman2/帮人家画嘛/25_帮人家画嘛 第25话/10.jpg is created successful!
e:/hanman2/帮人家画嘛/25_帮人家画嘛 第25话/9.jpg is created successful!
e:/hanman2/帮人家画嘛/25_帮人家画嘛 第25话/16.jpg is created successful!
e:/hanman2/帮人家画嘛/25_帮人家画嘛 第25话/13.jpg is created successful!
e:/hanman2/帮人家画嘛/25_帮人家画嘛 第25话/14.jpg is created successful!
e:/hanman2/帮人家画嘛/25_帮人家画嘛 第25话/11.jpg is created successful!
e:/hanman2/帮人家画嘛/25_帮人家画嘛 第25话/15.jpg is created successful!
e:/hanman2/帮人家画嘛/26_帮人家画嘛 第1季 最终话/1.jpg is created successful!
e:/hanman2/帮人家画嘛/26_帮人家画嘛 第1季 最终话/6.jpg is created successful!
e:/hanman2/帮人家画嘛/26_帮人家画嘛 第1季 最终话/2.jpg is created successful!
e:/hanman2/帮人家画嘛/26_帮人家画嘛 第1季 最终话/3.jpg is created successful!
e:/hanman2/帮人家画嘛/26_帮人家画嘛 第1季 最终话/4.jpg is created successful!
e:/hanman2/帮人家画嘛/26_帮人家画嘛 第1季 最终话/5.jpg is created successful!
e:/hanman2/帮人家画嘛/26_帮人家画嘛 第1季 最终话/7.jpg is created successful!
e:/hanman2/帮人家画嘛/26_帮人家画嘛 第1季 最终话/8.jpg is created successful!
e:/hanman2/帮人家画嘛/26_帮人家画嘛 第1季 最终话/9.jpg is created successful!
e:/hanman2/帮人家画嘛/26_帮人家画嘛 第1季 最终话/10.jpg is created successful!
e:/hanman2/帮人家画嘛/26_帮人家画嘛 第1季 最终话/12.jpg is created successful!
e:/hanman2/帮人家画嘛/26_帮人家画嘛 第1季 最终话/11.jpg is created successful!
e:/hanman2/帮人家画嘛/26_帮人家画嘛 第1季 最终话/17.jpg is created successful!
e:/hanman2/帮人家画嘛/26_帮人家画嘛 第1季 最终话/13.jpg is created successful!
e:/hanman2/帮人家画嘛/26_帮人家画嘛 第1季 最终话/15.jpg is created successful!
e:/hanman2/帮人家画嘛/26_帮人家画嘛 第1季 最终话/14.jpg is created successful!
e:/hanman2/帮人家画嘛/26_帮人家画嘛 第1季 最终话/16.jpg is created successful!
e:/hanman2/帮人家画嘛/26_帮人家画嘛 第1季 最终话/22.jpg is created successful!
e:/hanman2/帮人家画嘛/26_帮人家画嘛 第1季 最终话/18.jpg is created successful!
e:/hanman2/帮人家画嘛/26_帮人家画嘛 第1季 最终话/19.jpg is created successful!
e:/hanman2/帮人家画嘛/26_帮人家画嘛 第1季 最终话/21.jpg is created successful!
e:/hanman2/帮人家画嘛/26_帮人家画嘛 第1季 最终话/20.jpg is created successful!
e:/hanman2/帮人家画嘛/27_帮人家画嘛 完结公告/1.jpg is created successful!
e:/hanman2/帮人家画嘛/27_帮人家画嘛 完结公告/2.jpg is created successful!
e:/hanman2/帮人家画嘛/27_帮人家画嘛 完结公告/4.jpg is created successful!
e:/hanman2/帮人家画嘛/27_帮人家画嘛 完结公告/3.jpg is created successful!
e:/hanman2/帮人家画嘛/27_帮人家画嘛 完结公告/5.jpg is created successful!
e:/hanman2/帮人家画嘛/27_帮人家画嘛 完结公告/6.jpg is created successful!
e:/hanman2/帮人家画嘛/28_帮人家画嘛 回忆篇1/1.jpg is created successful!
e:/hanman2/帮人家画嘛/28_帮人家画嘛 回忆篇1/2.jpg is created successful!
e:/hanman2/帮人家画嘛/28_帮人家画嘛 回忆篇1/4.jpg is created successful!
e:/hanman2/帮人家画嘛/28_帮人家画嘛 回忆篇1/3.jpg is created successful!
e:/hanman2/帮人家画嘛/28_帮人家画嘛 回忆篇1/5.jpg is created successful!
e:/hanman2/帮人家画嘛/28_帮人家画嘛 回忆篇1/6.jpg is created successful!
e:/hanman2/帮人家画嘛/28_帮人家画嘛 回忆篇1/7.jpg is created successful!
e:/hanman2/帮人家画嘛/28_帮人家画嘛 回忆篇1/8.jpg is created successful!
e:/hanman2/帮人家画嘛/28_帮人家画嘛 回忆篇1/10.jpg is created successful!
e:/hanman2/帮人家画嘛/28_帮人家画嘛 回忆篇1/9.jpg is created successful!
e:/hanman2/帮人家画嘛/28_帮人家画嘛 回忆篇1/11.jpg is created successful!
e:/hanman2/帮人家画嘛/28_帮人家画嘛 回忆篇1/12.jpg is created successful!
e:/hanman2/帮人家画嘛/28_帮人家画嘛 回忆篇1/13.jpg is created successful!
e:/hanman2/帮人家画嘛/28_帮人家画嘛 回忆篇1/15.jpg is created successful!
e:/hanman2/帮人家画嘛/28_帮人家画嘛 回忆篇1/14.jpg is created successful!
e:/hanman2/帮人家画嘛/28_帮人家画嘛 回忆篇1/17.jpg is created successful!
e:/hanman2/帮人家画嘛/28_帮人家画嘛 回忆篇1/16.jpg is created successful!
e:/hanman2/帮人家画嘛/29_帮人家画嘛 回忆篇2/1.jpg is created successful!
e:/hanman2/帮人家画嘛/29_帮人家画嘛 回忆篇2/3.jpg is created successful!
e:/hanman2/帮人家画嘛/29_帮人家画嘛 回忆篇2/2.jpg is created successful!
e:/hanman2/帮人家画嘛/29_帮人家画嘛 回忆篇2/5.jpg is created successful!
e:/hanman2/帮人家画嘛/29_帮人家画嘛 回忆篇2/4.jpg is created successful!
e:/hanman2/帮人家画嘛/29_帮人家画嘛 回忆篇2/6.jpg is created successful!
e:/hanman2/帮人家画嘛/29_帮人家画嘛 回忆篇2/7.jpg is created successful!
e:/hanman2/帮人家画嘛/29_帮人家画嘛 回忆篇2/8.jpg is created successful!
e:/hanman2/帮人家画嘛/29_帮人家画嘛 回忆篇2/9.jpg is created successful!
e:/hanman2/帮人家画嘛/29_帮人家画嘛 回忆篇2/10.jpg is created successful!
e:/hanman2/帮人家画嘛/29_帮人家画嘛 回忆篇2/11.jpg is created successful!
e:/hanman2/帮人家画嘛/29_帮人家画嘛 回忆篇2/15.jpg is created successful!
e:/hanman2/帮人家画嘛/29_帮人家画嘛 回忆篇2/12.jpg is created successful!
e:/hanman2/帮人家画嘛/29_帮人家画嘛 回忆篇2/13.jpg is created successful!
e:/hanman2/帮人家画嘛/29_帮人家画嘛 回忆篇2/14.jpg is created successful!
e:/hanman2/帮人家画嘛/29_帮人家画嘛 回忆篇2/16.jpg is created successful!
e:/hanman2/帮人家画嘛/29_帮人家画嘛 回忆篇2/20.jpg is created successful!
e:/hanman2/帮人家画嘛/29_帮人家画嘛 回忆篇2/17.jpg is created successful!
e:/hanman2/帮人家画嘛/29_帮人家画嘛 回忆篇2/19.jpg is created successful!
e:/hanman2/帮人家画嘛/29_帮人家画嘛 回忆篇2/18.jpg is created successful!
e:/hanman2/帮人家画嘛/30_帮人家画嘛 回忆篇3/1.jpg is created successful!
e:/hanman2/帮人家画嘛/30_帮人家画嘛 回忆篇3/6.jpg is created successful!
e:/hanman2/帮人家画嘛/30_帮人家画嘛 回忆篇3/2.jpg is created successful!
e:/hanman2/帮人家画嘛/30_帮人家画嘛 回忆篇3/3.jpg is created successful!
e:/hanman2/帮人家画嘛/30_帮人家画嘛 回忆篇3/4.jpg is created successful!
e:/hanman2/帮人家画嘛/30_帮人家画嘛 回忆篇3/5.jpg is created successful!
e:/hanman2/帮人家画嘛/30_帮人家画嘛 回忆篇3/7.jpg is created successful!
e:/hanman2/帮人家画嘛/30_帮人家画嘛 回忆篇3/12.jpg is created successful!
e:/hanman2/帮人家画嘛/30_帮人家画嘛 回忆篇3/8.jpg is created successful!
e:/hanman2/帮人家画嘛/30_帮人家画嘛 回忆篇3/9.jpg is created successful!
e:/hanman2/帮人家画嘛/30_帮人家画嘛 回忆篇3/10.jpg is created successful!
e:/hanman2/帮人家画嘛/30_帮人家画嘛 回忆篇3/11.jpg is created successful!
e:/hanman2/帮人家画嘛/30_帮人家画嘛 回忆篇3/14.jpg is created successful!
e:/hanman2/帮人家画嘛/30_帮人家画嘛 回忆篇3/13.jpg is created successful!
e:/hanman2/帮人家画嘛/30_帮人家画嘛 回忆篇3/15.jpg is created successful!
e:/hanman2/帮人家画嘛/30_帮人家画嘛 回忆篇3/18.jpg is created successful!
e:/hanman2/帮人家画嘛/30_帮人家画嘛 回忆篇3/16.jpg is created successful!
e:/hanman2/帮人家画嘛/30_帮人家画嘛 回忆篇3/17.jpg is created successful!
e:/hanman2/帮人家画嘛/30_帮人家画嘛 回忆篇3/20.jpg is created successful!
e:/hanman2/帮人家画嘛/30_帮人家画嘛 回忆篇3/19.jpg is created successful!
e:/hanman2/帮人家画嘛/31_帮人家画嘛 回忆篇4/1.jpg is created successful!
e:/hanman2/帮人家画嘛/30_帮人家画嘛 回忆篇3/23.jpg is created successful!
e:/hanman2/帮人家画嘛/30_帮人家画嘛 回忆篇3/22.jpg is created successful!
e:/hanman2/帮人家画嘛/31_帮人家画嘛 回忆篇4/2.jpg is created successful!
e:/hanman2/帮人家画嘛/30_帮人家画嘛 回忆篇3/21.jpg is created successful!
e:/hanman2/帮人家画嘛/31_帮人家画嘛 回忆篇4/5.jpg is created successful!
e:/hanman2/帮人家画嘛/31_帮人家画嘛 回忆篇4/6.jpg is created successful!
e:/hanman2/帮人家画嘛/31_帮人家画嘛 回忆篇4/4.jpg is created successful!
e:/hanman2/帮人家画嘛/31_帮人家画嘛 回忆篇4/3.jpg is created successful!
e:/hanman2/帮人家画嘛/31_帮人家画嘛 回忆篇4/10.jpg is created successful!
e:/hanman2/帮人家画嘛/31_帮人家画嘛 回忆篇4/8.jpg is created successful!
e:/hanman2/帮人家画嘛/31_帮人家画嘛 回忆篇4/9.jpg is created successful!
e:/hanman2/帮人家画嘛/31_帮人家画嘛 回忆篇4/12.jpg is created successful!
e:/hanman2/帮人家画嘛/31_帮人家画嘛 回忆篇4/7.jpg is created successful!
e:/hanman2/帮人家画嘛/31_帮人家画嘛 回忆篇4/11.jpg is created successful!
e:/hanman2/帮人家画嘛/31_帮人家画嘛 回忆篇4/14.jpg is created successful!
e:/hanman2/帮人家画嘛/31_帮人家画嘛 回忆篇4/18.jpg is created successful!
e:/hanman2/帮人家画嘛/31_帮人家画嘛 回忆篇4/16.jpg is created successful!
e:/hanman2/帮人家画嘛/31_帮人家画嘛 回忆篇4/17.jpg is created successful!
e:/hanman2/帮人家画嘛/31_帮人家画嘛 回忆篇4/13.jpg is created successful!
e:/hanman2/帮人家画嘛/31_帮人家画嘛 回忆篇4/15.jpg is created successful!
e:/hanman2/帮人家画嘛/31_帮人家画嘛 回忆篇4/19.jpg is created successful!
e:/hanman2/帮人家画嘛/31_帮人家画嘛 回忆篇4/23.jpg is created successful!
e:/hanman2/帮人家画嘛/31_帮人家画嘛 回忆篇4/20.jpg is created successful!
e:/hanman2/帮人家画嘛/31_帮人家画嘛 回忆篇4/22.jpg is created successful!
e:/hanman2/帮人家画嘛/31_帮人家画嘛 回忆篇4/21.jpg is created successful!
e:/hanman2/帮人家画嘛/32_帮人家画嘛 回忆篇5/1.jpg is created successful!
e:/hanman2/帮人家画嘛/32_帮人家画嘛 回忆篇5/2.jpg is created successful!
e:/hanman2/帮人家画嘛/32_帮人家画嘛 回忆篇5/6.jpg is created successful!
e:/hanman2/帮人家画嘛/32_帮人家画嘛 回忆篇5/3.jpg is created successful!
e:/hanman2/帮人家画嘛/32_帮人家画嘛 回忆篇5/7.jpg is created successful!
e:/hanman2/帮人家画嘛/32_帮人家画嘛 回忆篇5/4.jpg is created successful!
e:/hanman2/帮人家画嘛/32_帮人家画嘛 回忆篇5/5.jpg is created successful!
e:/hanman2/帮人家画嘛/32_帮人家画嘛 回忆篇5/9.jpg is created successful!
e:/hanman2/帮人家画嘛/32_帮人家画嘛 回忆篇5/12.jpg is created successful!
e:/hanman2/帮人家画嘛/32_帮人家画嘛 回忆篇5/11.jpg is created successful!
e:/hanman2/帮人家画嘛/32_帮人家画嘛 回忆篇5/8.jpg is created successful!
e:/hanman2/帮人家画嘛/32_帮人家画嘛 回忆篇5/10.jpg is created successful!
e:/hanman2/帮人家画嘛/32_帮人家画嘛 回忆篇5/13.jpg is created successful!
e:/hanman2/帮人家画嘛/32_帮人家画嘛 回忆篇5/14.jpg is created successful!
e:/hanman2/帮人家画嘛/32_帮人家画嘛 回忆篇5/15.jpg is created successful!
e:/hanman2/帮人家画嘛/32_帮人家画嘛 回忆篇5/16.jpg is created successful!
e:/hanman2/帮人家画嘛/32_帮人家画嘛 回忆篇5/17.jpg is created successful!
e:/hanman2/帮人家画嘛/32_帮人家画嘛 回忆篇5/21.jpg is created successful!
e:/hanman2/帮人家画嘛/32_帮人家画嘛 回忆篇5/19.jpg is created successful!
e:/hanman2/帮人家画嘛/32_帮人家画嘛 回忆篇5/18.jpg is created successful!
e:/hanman2/帮人家画嘛/32_帮人家画嘛 回忆篇5/22.jpg is created successful!
 ==========> Download All
 ==========> Download All
e:/hanman2/帮人家画嘛/32_帮人家画嘛 回忆篇5/20.jpg is created successful!
 ==========> Download All
e:/hanman2/帮人家画嘛/32_帮人家画嘛 回忆篇5/23.jpg is created successful!
 ==========> Download All
e:/hanman2/帮人家画嘛/32_帮人家画嘛 回忆篇5/18.jpg is created successful!
 ==========> Download All
e:/hanman2/帮人家画嘛/32_帮人家画嘛 回忆篇5/23.jpg is created successful!
 ==========> Download All
e:/hanman2/帮人家画嘛/32_帮人家画嘛 回忆篇5/20.jpg is created successful!
 ==========> Download All
e:/hanman2/帮人家画嘛/32_帮人家画嘛 回忆篇5/22.jpg is created successful!
