
__chapterColleter__: get title >>>> Super Dick(欲求王)
__chapterColleter__: chapter.json exist! >>>> ./Super Dick(欲求王)/chapter.json
__chapterColleter__: >>>>>> END! <<<<<<
 >>>>>> COLLECTIMAGE <<<<<< 
__imageCollecter__: set title >>> Super Dick(欲求王)
__imageCollecter__: >>>>>> START! <<<<<<
__imageCollecter__: image.json exist! >>> ./Super Dick(欲求王)/image.json
__imageCollecter__: all chapterData length >>> 78
__imageCollecter__: NORMAL image data exist! index >>> 1
__imageCollecter__: NORMAL image data exist! index >>> 2
__imageCollecter__: NORMAL image data exist! index >>> 3
__imageCollecter__: NORMAL image data exist! index >>> 4
__imageCollecter__: NORMAL image data exist! index >>> 5
__imageCollecter__: NORMAL image data exist! index >>> 6
__imageCollecter__: NORMAL image data exist! index >>> 7
__imageCollecter__: NORMAL image data exist! index >>> 8
__imageCollecter__: NORMAL image data exist! index >>> 9
__imageCollecter__: NORMAL image data exist! index >>> 10
__imageCollecter__: NORMAL image data exist! index >>> 11
__imageCollecter__: NORMAL image data exist! index >>> 12
__imageCollecter__: NORMAL image data exist! index >>> 13
__imageCollecter__: NORMAL image data exist! index >>> 14
__imageCollecter__: NORMAL image data exist! index >>> 15
__imageCollecter__: NORMAL image data exist! index >>> 16
__imageCollecter__: NORMAL image data exist! index >>> 17
__imageCollecter__: NORMAL image data exist! index >>> 18
__imageCollecter__: NORMAL image data exist! index >>> 19
__imageCollecter__: NORMAL image data exist! index >>> 20
__imageCollecter__: NORMAL image data exist! index >>> 21
__imageCollecter__: NORMAL image data exist! index >>> 22
__imageCollecter__: NORMAL image data exist! index >>> 23
__imageCollecter__: NORMAL image data exist! index >>> 24
__imageCollecter__: NORMAL image data exist! index >>> 25
__imageCollecter__: NORMAL image data exist! index >>> 26
__imageCollecter__: NORMAL image data exist! index >>> 27
__imageCollecter__: NORMAL image data exist! index >>> 28
__imageCollecter__: NORMAL image data exist! index >>> 29
__imageCollecter__: NORMAL image data exist! index >>> 30
__imageCollecter__: NORMAL image data exist! index >>> 31
__imageCollecter__: NORMAL image data exist! index >>> 32
__imageCollecter__: NORMAL image data exist! index >>> 33
__imageCollecter__: NORMAL image data exist! index >>> 34
__imageCollecter__: NORMAL image data exist! index >>> 35
__imageCollecter__: NORMAL image data exist! index >>> 36
__imageCollecter__: NORMAL image data exist! index >>> 37
__imageCollecter__: NORMAL image data exist! index >>> 38
__imageCollecter__: NORMAL image data exist! index >>> 39
__imageCollecter__: NORMAL image data exist! index >>> 40
__imageCollecter__: NORMAL image data exist! index >>> 41
__imageCollecter__: NORMAL image data exist! index >>> 42
__imageCollecter__: NORMAL image data exist! index >>> 43
__imageCollecter__: NORMAL image data exist! index >>> 44
__imageCollecter__: NORMAL image data exist! index >>> 45
__imageCollecter__: NORMAL image data exist! index >>> 46
__imageCollecter__: NORMAL image data exist! index >>> 47
__imageCollecter__: NORMAL image data exist! index >>> 48
__imageCollecter__: NORMAL image data exist! index >>> 49
__imageCollecter__: NORMAL image data exist! index >>> 50
__imageCollecter__: NORMAL image data exist! index >>> 51
__imageCollecter__: NORMAL image data exist! index >>> 52
__imageCollecter__: NORMAL image data exist! index >>> 53
__imageCollecter__: NORMAL image data exist! index >>> 54
__imageCollecter__: NORMAL image data exist! index >>> 55
__imageCollecter__: NORMAL image data exist! index >>> 56
__imageCollecter__: NORMAL image data exist! index >>> 57
__imageCollecter__: NORMAL image data exist! index >>> 58
__imageCollecter__: NORMAL image data exist! index >>> 59
__imageCollecter__: NORMAL image data exist! index >>> 60
__imageCollecter__: NORMAL image data exist! index >>> 61
__imageCollecter__: NORMAL image data exist! index >>> 62
__imageCollecter__: NORMAL image data exist! index >>> 63
__imageCollecter__: NORMAL image data exist! index >>> 64
__imageCollecter__: NORMAL image data exist! index >>> 65
__imageCollecter__: NORMAL image data exist! index >>> 66
__imageCollecter__: NORMAL image data exist! index >>> 67
__imageCollecter__: NORMAL image data exist! index >>> 68
__imageCollecter__: NORMAL image data exist! index >>> 69
__imageCollecter__: NORMAL image data exist! index >>> 70
__imageCollecter__: NORMAL image data exist! index >>> 71
__imageCollecter__: NORMAL image data exist! index >>> 72
__imageCollecter__: NORMAL image data exist! index >>> 73
__imageCollecter__: NORMAL image data exist! index >>> 74
__imageCollecter__: NORMAL image data exist! index >>> 75
__imageCollecter__: NORMAL image data exist! index >>> 76
__imageCollecter__: NORMAL image data exist! index >>> 77
__imageCollecter__: get image data SUCCESSFUL! index >>> 78 >>>, url >>> https://www.k886.net/index-look-name-SuperDick-cid-36391-id-344589
__imageCollecter__: pageUrl >>> https://www.k886.net/index-look-name-SuperDick-cid-36391-id-344589-p-1
__imageCollecter__: imageIndex >>> 1, imageUrl >>> https://img.k886.net/upload/attachment/201901/03/5c2dad1a4d523.jpg
__imageDownloadPlugin__: get image info! ready to download
__imageCollecter__: pageUrl >>> https://www.k886.net/index-look-name-SuperDick-cid-36391-id-344589-p-2
__imageCollecter__: imageIndex >>> 2, imageUrl >>> https://img.k886.net/upload/attachment/201901/03/5c2dad1a4e45c.jpg
__imageDownloadPlugin__: get image info! ready to download
__imageCollecter__: pageUrl >>> https://www.k886.net/index-look-name-SuperDick-cid-36391-id-344589-p-3
__imageCollecter__: imageIndex >>> 3, imageUrl >>> https://img.k886.net/upload/attachment/201901/03/5c2dad1a4f281.jpg
__imageDownloadPlugin__: get image info! ready to download
__imageCollecter__: pageUrl >>> https://www.k886.net/index-look-name-SuperDick-cid-36391-id-344589-p-4
__imageCollecter__: imageIndex >>> 4, imageUrl >>> https://img.k886.net/upload/attachment/201901/03/5c2dad1a4f938.jpg
__imageDownloadPlugin__: get image info! ready to download
__imageCollecter__: pageUrl >>> https://www.k886.net/index-look-name-SuperDick-cid-36391-id-344589-p-5
__imageDownloadPlugin__: img saved! urlName >>> 5c2dad1a4d523.jpg, path >>> e:/hanman/Super Dick(欲求王)/78_1.jpg 
__imageCollecter__: imageIndex >>> 5, imageUrl >>> https://img.k886.net/upload/attachment/201901/03/5c2dad1a50525.jpg
__imageDownloadPlugin__: get image info! ready to download
__imageCollecter__: pageUrl >>> https://www.k886.net/index-look-name-SuperDick-cid-36391-id-344589-p-6
__imageCollecter__: imageIndex >>> 6, imageUrl >>> https://img.k886.net/upload/attachment/201901/03/5c2dad1a5143b.jpg
__imageDownloadPlugin__: get image info! ready to download
__imageCollecter__: pageUrl >>> https://www.k886.net/index-look-name-SuperDick-cid-36391-id-344589-p-7
__imageDownloadPlugin__: img saved! urlName >>> 5c2dad1a4f281.jpg, path >>> e:/hanman/Super Dick(欲求王)/78_3.jpg 
__imageDownloadPlugin__: img saved! urlName >>> 5c2dad1a4f938.jpg, path >>> e:/hanman/Super Dick(欲求王)/78_4.jpg 
__imageCollecter__: imageIndex >>> 7, imageUrl >>> https://img.k886.net/upload/attachment/201901/03/5c2dad1a5218d.jpg
__imageDownloadPlugin__: get image info! ready to download
__imageCollecter__: pageUrl >>> https://www.k886.net/index-look-name-SuperDick-cid-36391-id-344589-p-8
__imageDownloadPlugin__: img saved! urlName >>> 5c2dad1a4e45c.jpg, path >>> e:/hanman/Super Dick(欲求王)/78_2.jpg 
__imageCollecter__: imageIndex >>> 8, imageUrl >>> https://img.k886.net/upload/attachment/201901/03/5c2dad1a52bc6.jpg
__imageDownloadPlugin__: get image info! ready to download
__imageCollecter__: pageUrl >>> https://www.k886.net/index-look-name-SuperDick-cid-36391-id-344589-p-9
__imageDownloadPlugin__: img saved! urlName >>> 5c2dad1a50525.jpg, path >>> e:/hanman/Super Dick(欲求王)/78_5.jpg 
__imageCollecter__: imageIndex >>> 9, imageUrl >>> https://img.k886.net/upload/attachment/201901/03/5c2dad1a457fd.jpg
__imageDownloadPlugin__: get image info! ready to download
__imageCollecter__: pageUrl >>> https://www.k886.net/index-look-name-SuperDick-cid-36391-id-344589-p-10
__imageDownloadPlugin__: img saved! urlName >>> 5c2dad1a5143b.jpg, path >>> e:/hanman/Super Dick(欲求王)/78_6.jpg 
__imageCollecter__: imageIndex >>> 10, imageUrl >>> https://img.k886.net/upload/attachment/201901/03/5c2dad1a46572.jpg
__imageDownloadPlugin__: get image info! ready to download
__imageCollecter__: pageUrl >>> https://www.k886.net/index-look-name-SuperDick-cid-36391-id-344589-p-11
__imageDownloadPlugin__: img saved! urlName >>> 5c2dad1a5218d.jpg, path >>> e:/hanman/Super Dick(欲求王)/78_7.jpg 
__imageCollecter__: imageIndex >>> 11, imageUrl >>> https://img.k886.net/upload/attachment/201901/03/5c2dad1a47279.jpg
__imageDownloadPlugin__: get image info! ready to download
__imageCollecter__: pageUrl >>> https://www.k886.net/index-look-name-SuperDick-cid-36391-id-344589-p-12
__imageDownloadPlugin__: img saved! urlName >>> 5c2dad1a52bc6.jpg, path >>> e:/hanman/Super Dick(欲求王)/78_8.jpg 
__imageCollecter__: imageIndex >>> 12, imageUrl >>> https://img.k886.net/upload/attachment/201901/03/5c2dad1a47932.jpg
__imageDownloadPlugin__: get image info! ready to download
__imageCollecter__: pageUrl >>> https://www.k886.net/index-look-name-SuperDick-cid-36391-id-344589-p-13
__imageDownloadPlugin__: img saved! urlName >>> 5c2dad1a457fd.jpg, path >>> e:/hanman/Super Dick(欲求王)/78_9.jpg 
__imageCollecter__: imageIndex >>> 13, imageUrl >>> https://img.k886.net/upload/attachment/201901/03/5c2dad1a48345.jpg
__imageDownloadPlugin__: get image info! ready to download
__imageCollecter__: pageUrl >>> https://www.k886.net/index-look-name-SuperDick-cid-36391-id-344589-p-14
__imageDownloadPlugin__: img saved! urlName >>> 5c2dad1a46572.jpg, path >>> e:/hanman/Super Dick(欲求王)/78_10.jpg 
__imageCollecter__: imageIndex >>> 14, imageUrl >>> https://img.k886.net/upload/attachment/201901/03/5c2dad1a48f44.jpg
__imageDownloadPlugin__: get image info! ready to download
__imageCollecter__: pageUrl >>> https://www.k886.net/index-look-name-SuperDick-cid-36391-id-344589-p-15
__imageDownloadPlugin__: img saved! urlName >>> 5c2dad1a47279.jpg, path >>> e:/hanman/Super Dick(欲求王)/78_11.jpg 
__imageDownloadPlugin__: img saved! urlName >>> 5c2dad1a47932.jpg, path >>> e:/hanman/Super Dick(欲求王)/78_12.jpg 
__imageCollecter__: imageIndex >>> 15, imageUrl >>> https://img.k886.net/upload/attachment/201901/03/5c2dad1a49b16.jpg
__imageDownloadPlugin__: get image info! ready to download
__imageCollecter__: pageUrl >>> https://www.k886.net/index-look-name-SuperDick-cid-36391-id-344589-p-16
__imageDownloadPlugin__: img saved! urlName >>> 5c2dad1a48345.jpg, path >>> e:/hanman/Super Dick(欲求王)/78_13.jpg 
__imageCollecter__: imageIndex >>> 16, imageUrl >>> https://img.k886.net/upload/attachment/201901/03/5c2dad1a4a188.jpg
__imageDownloadPlugin__: get image info! ready to download
__imageCollecter__: pageUrl >>> https://www.k886.net/index-look-name-SuperDick-cid-36391-id-344589-p-17
__imageCollecter__: imageIndex >>> 17, imageUrl >>> https://img.k886.net/upload/attachment/201901/03/5c2dad1a4ae55.jpg
__imageDownloadPlugin__: get image info! ready to download
__imageCollecter__: pageUrl >>> https://www.k886.net/index-look-name-SuperDick-cid-36391-id-344589-p-18
__imageDownloadPlugin__: img saved! urlName >>> 5c2dad1a48f44.jpg, path >>> e:/hanman/Super Dick(欲求王)/78_14.jpg 
__imageCollecter__: imageIndex >>> 18, imageUrl >>> https://img.k886.net/upload/attachment/201901/03/5c2dad1a4b9a8.jpg
__imageDownloadPlugin__: get image info! ready to download
__imageCollecter__: pageUrl >>> https://www.k886.net/index-look-name-SuperDick-cid-36391-id-344589-p-19